2025-08-17 21:20:51,885 - INFO - 开始扫描目录...
2025-08-17 21:20:51,894 - INFO - 找到 688 个yml文件
2025-08-17 21:20:51,894 - INFO - 正在处理: my_translation\en-Blue Archive - test\localisation\english\simp_chinese\BA_event_tr&ape_l_english.yml
2025-08-17 21:20:51,895 - INFO - 正在处理: my_translation\englishUKrework\localisation\english\english\ukrework_events_l_english.yml
2025-08-17 21:20:51,895 - INFO - 正在处理: my_translation\ja-Offer Convoy Contribution\localization\japanese\english\OCC_l_japanese.yml
2025-08-17 21:20:51,896 - INFO - 正在处理: my_translation\Multilanguage-Blue Archive\localisation\braz_por\simp_chinese\BA_Anomaly&Arc_site_l_braz_por.yml
2025-08-17 21:20:51,897 - INFO - 正在处理: my_translation\Multilanguage-Blue Archive\localisation\braz_por\simp_chinese\BA_Club_l_braz_por.yml
2025-08-17 21:20:51,898 - INFO - 正在处理: my_translation\Multilanguage-Blue Archive\localisation\braz_por\simp_chinese\BA_common_l_braz_por.yml
2025-08-17 21:20:51,904 - INFO - 正在处理: my_translation\Multilanguage-Blue Archive\localisation\braz_por\simp_chinese\BA_component_l_braz_por.yml
2025-08-17 21:20:51,905 - INFO - 正在处理: my_translation\Multilanguage-Blue Archive\localisation\braz_por\simp_chinese\BA_concepts_l_braz_por.yml
2025-08-17 21:20:51,905 - INFO - 正在处理: my_translation\Multilanguage-Blue Archive\localisation\braz_por\simp_chinese\BA_event_crisis_l_braz_por.yml
2025-08-17 21:20:51,906 - INFO - 正在处理: my_translation\Multilanguage-Blue Archive\localisation\braz_por\simp_chinese\BA_event_Emergencies_l_braz_por.yml
2025-08-17 21:20:51,907 - INFO - 正在处理: my_translation\Multilanguage-Blue Archive\localisation\braz_por\simp_chinese\BA_event_origins_l_braz_por.yml
2025-08-17 21:20:51,908 - INFO - 正在处理: my_translation\Multilanguage-Blue Archive\localisation\braz_por\simp_chinese\BA_event_Shittem_l_braz_por.yml
2025-08-17 21:20:51,910 - INFO - 正在处理: my_translation\Multilanguage-Blue Archive\localisation\braz_por\simp_chinese\BA_event_tr&ape_l_braz_por.yml
2025-08-17 21:20:51,911 - INFO - 正在处理: my_translation\Multilanguage-Blue Archive\localisation\braz_por\simp_chinese\BA_leader_l_braz_por.yml
2025-08-17 21:20:51,915 - INFO - 正在处理: my_translation\Multilanguage-Blue Archive\localisation\braz_por\simp_chinese\BA_modifiers_l_braz_por.yml
2025-08-17 21:20:51,916 - INFO - 正在处理: my_translation\Multilanguage-Blue Archive\localisation\braz_por\simp_chinese\BA_Namelist_l_braz_por.yml
2025-08-17 21:20:51,917 - INFO - 正在处理: my_translation\Multilanguage-Blue Archive\localisation\braz_por\simp_chinese\BA_Placeholder_l_braz_por.yml
2025-08-17 21:20:51,917 - INFO - 正在处理: my_translation\Multilanguage-Blue Archive\localisation\braz_por\simp_chinese\BA_popmod_l_braz_por.yml
2025-08-17 21:20:51,919 - INFO - 正在处理: my_translation\Multilanguage-Blue Archive\localisation\braz_por\simp_chinese\BA_Precursor_l_braz_por.yml
2025-08-17 21:20:51,920 - INFO - 正在处理: my_translation\Multilanguage-Blue Archive\localisation\braz_por\simp_chinese\BA_Project_l_braz_por.yml
2025-08-17 21:20:51,921 - INFO - 正在处理: my_translation\Multilanguage-Blue Archive\localisation\braz_por\simp_chinese\BA_resource_tips_l_braz_por.yml
2025-08-17 21:20:51,921 - INFO - 正在处理: my_translation\Multilanguage-Blue Archive\localisation\braz_por\simp_chinese\BA_School_Idea_l_braz_por.yml
2025-08-17 21:20:51,923 - INFO - 正在处理: my_translation\Multilanguage-Blue Archive\localisation\braz_por\simp_chinese\BA_speciel_story_l_braz_por.yml
2025-08-17 21:20:51,924 - INFO - 正在处理: my_translation\Multilanguage-Blue Archive\localisation\braz_por\simp_chinese\BA_Species&Goverments&Civics_l_braz_por.yml
2025-08-17 21:20:51,925 - INFO - 正在处理: my_translation\Multilanguage-Blue Archive\localisation\braz_por\simp_chinese\BA_test_l_braz_por.yml
2025-08-17 21:20:51,925 - INFO - 正在处理: my_translation\Multilanguage-Blue Archive\localisation\english\simp_chinese\BA_Anomaly&Arc_site_l_english.yml
2025-08-17 21:20:51,926 - INFO - 正在处理: my_translation\Multilanguage-Blue Archive\localisation\english\simp_chinese\BA_Club_l_english.yml
2025-08-17 21:20:51,927 - INFO - 正在处理: my_translation\Multilanguage-Blue Archive\localisation\english\simp_chinese\BA_common_l_english.yml
2025-08-17 21:20:51,933 - INFO - 正在处理: my_translation\Multilanguage-Blue Archive\localisation\english\simp_chinese\BA_component_l_english.yml
2025-08-17 21:20:51,934 - INFO - 正在处理: my_translation\Multilanguage-Blue Archive\localisation\english\simp_chinese\BA_concepts_l_english.yml
2025-08-17 21:20:51,934 - INFO - 正在处理: my_translation\Multilanguage-Blue Archive\localisation\english\simp_chinese\BA_event_crisis_l_english.yml
2025-08-17 21:20:51,935 - INFO - 正在处理: my_translation\Multilanguage-Blue Archive\localisation\english\simp_chinese\BA_event_Emergencies_l_english.yml
2025-08-17 21:20:51,936 - INFO - 正在处理: my_translation\Multilanguage-Blue Archive\localisation\english\simp_chinese\BA_event_origins_l_english.yml
2025-08-17 21:20:51,937 - INFO - 正在处理: my_translation\Multilanguage-Blue Archive\localisation\english\simp_chinese\BA_event_Shittem_l_english.yml
2025-08-17 21:20:51,939 - INFO - 正在处理: my_translation\Multilanguage-Blue Archive\localisation\english\simp_chinese\BA_event_tr&ape_l_english.yml
2025-08-17 21:20:51,940 - INFO - 正在处理: my_translation\Multilanguage-Blue Archive\localisation\english\simp_chinese\BA_leader_l_english.yml
2025-08-17 21:20:51,944 - INFO - 正在处理: my_translation\Multilanguage-Blue Archive\localisation\english\simp_chinese\BA_modifiers_l_english.yml
2025-08-17 21:20:51,945 - INFO - 正在处理: my_translation\Multilanguage-Blue Archive\localisation\english\simp_chinese\BA_Namelist_l_english.yml
2025-08-17 21:20:51,945 - INFO - 正在处理: my_translation\Multilanguage-Blue Archive\localisation\english\simp_chinese\BA_Placeholder_l_english.yml
2025-08-17 21:20:51,946 - INFO - 正在处理: my_translation\Multilanguage-Blue Archive\localisation\english\simp_chinese\BA_popmod_l_english.yml
2025-08-17 21:20:51,946 - INFO - 正在处理: my_translation\Multilanguage-Blue Archive\localisation\english\simp_chinese\BA_Precursor_l_english.yml
2025-08-17 21:20:51,947 - INFO - 正在处理: my_translation\Multilanguage-Blue Archive\localisation\english\simp_chinese\BA_Project_l_english.yml
2025-08-17 21:20:51,948 - INFO - 正在处理: my_translation\Multilanguage-Blue Archive\localisation\english\simp_chinese\BA_resource_tips_l_english.yml
2025-08-17 21:20:51,948 - INFO - 正在处理: my_translation\Multilanguage-Blue Archive\localisation\english\simp_chinese\BA_School_Idea_l_english.yml
2025-08-17 21:20:51,950 - INFO - 正在处理: my_translation\Multilanguage-Blue Archive\localisation\english\simp_chinese\BA_speciel_story_l_english.yml
2025-08-17 21:20:51,951 - INFO - 正在处理: my_translation\Multilanguage-Blue Archive\localisation\english\simp_chinese\BA_Species&Goverments&Civics_l_english.yml
2025-08-17 21:20:51,952 - INFO - 正在处理: my_translation\Multilanguage-Blue Archive\localisation\english\simp_chinese\BA_test_l_english.yml
2025-08-17 21:20:51,952 - INFO - 正在处理: my_translation\Multilanguage-Blue Archive\localisation\french\simp_chinese\BA_Anomaly&Arc_site_l_french.yml
2025-08-17 21:20:51,953 - INFO - 正在处理: my_translation\Multilanguage-Blue Archive\localisation\french\simp_chinese\BA_Club_l_french.yml
2025-08-17 21:20:51,955 - INFO - 正在处理: my_translation\Multilanguage-Blue Archive\localisation\french\simp_chinese\BA_common_l_french.yml
2025-08-17 21:20:51,960 - INFO - 正在处理: my_translation\Multilanguage-Blue Archive\localisation\french\simp_chinese\BA_component_l_french.yml
2025-08-17 21:20:51,961 - INFO - 正在处理: my_translation\Multilanguage-Blue Archive\localisation\french\simp_chinese\BA_concepts_l_french.yml
2025-08-17 21:20:51,961 - INFO - 正在处理: my_translation\Multilanguage-Blue Archive\localisation\french\simp_chinese\BA_event_crisis_l_french.yml
2025-08-17 21:20:51,962 - INFO - 正在处理: my_translation\Multilanguage-Blue Archive\localisation\french\simp_chinese\BA_event_Emergencies_l_french.yml
2025-08-17 21:20:51,964 - INFO - 正在处理: my_translation\Multilanguage-Blue Archive\localisation\french\simp_chinese\BA_event_origins_l_french.yml
2025-08-17 21:20:51,965 - INFO - 正在处理: my_translation\Multilanguage-Blue Archive\localisation\french\simp_chinese\BA_event_Shittem_l_french.yml
2025-08-17 21:20:51,966 - INFO - 正在处理: my_translation\Multilanguage-Blue Archive\localisation\french\simp_chinese\BA_event_tr&ape_l_french.yml
2025-08-17 21:20:51,967 - INFO - 正在处理: my_translation\Multilanguage-Blue Archive\localisation\french\simp_chinese\BA_leader_l_french.yml
2025-08-17 21:20:51,971 - INFO - 正在处理: my_translation\Multilanguage-Blue Archive\localisation\french\simp_chinese\BA_modifiers_l_french.yml
2025-08-17 21:20:51,972 - INFO - 正在处理: my_translation\Multilanguage-Blue Archive\localisation\french\simp_chinese\BA_Namelist_l_french.yml
2025-08-17 21:20:51,972 - INFO - 正在处理: my_translation\Multilanguage-Blue Archive\localisation\french\simp_chinese\BA_Placeholder_l_french.yml
2025-08-17 21:20:51,973 - INFO - 正在处理: my_translation\Multilanguage-Blue Archive\localisation\french\simp_chinese\BA_popmod_l_french.yml
2025-08-17 21:20:51,974 - INFO - 正在处理: my_translation\Multilanguage-Blue Archive\localisation\french\simp_chinese\BA_Precursor_l_french.yml
2025-08-17 21:20:51,975 - INFO - 正在处理: my_translation\Multilanguage-Blue Archive\localisation\french\simp_chinese\BA_Project_l_french.yml
2025-08-17 21:20:51,976 - INFO - 正在处理: my_translation\Multilanguage-Blue Archive\localisation\french\simp_chinese\BA_resource_tips_l_french.yml
2025-08-17 21:20:51,976 - INFO - 正在处理: my_translation\Multilanguage-Blue Archive\localisation\french\simp_chinese\BA_School_Idea_l_french.yml
2025-08-17 21:20:51,977 - INFO - 正在处理: my_translation\Multilanguage-Blue Archive\localisation\french\simp_chinese\BA_speciel_story_l_french.yml
2025-08-17 21:20:51,978 - INFO - 正在处理: my_translation\Multilanguage-Blue Archive\localisation\french\simp_chinese\BA_Species&Goverments&Civics_l_french.yml
2025-08-17 21:20:51,980 - INFO - 正在处理: my_translation\Multilanguage-Blue Archive\localisation\french\simp_chinese\BA_test_l_french.yml
2025-08-17 21:20:51,980 - INFO - 正在处理: my_translation\Multilanguage-Blue Archive\localisation\german\simp_chinese\BA_Anomaly&Arc_site_l_german.yml
2025-08-17 21:20:51,981 - INFO - 正在处理: my_translation\Multilanguage-Blue Archive\localisation\german\simp_chinese\BA_Club_l_german.yml
2025-08-17 21:20:51,983 - INFO - 正在处理: my_translation\Multilanguage-Blue Archive\localisation\german\simp_chinese\BA_common_l_german.yml
2025-08-17 21:20:51,988 - INFO - 正在处理: my_translation\Multilanguage-Blue Archive\localisation\german\simp_chinese\BA_component_l_german.yml
2025-08-17 21:20:51,988 - INFO - 正在处理: my_translation\Multilanguage-Blue Archive\localisation\german\simp_chinese\BA_concepts_l_german.yml
2025-08-17 21:20:51,988 - INFO - 正在处理: my_translation\Multilanguage-Blue Archive\localisation\german\simp_chinese\BA_event_crisis_l_german.yml
2025-08-17 21:20:51,990 - INFO - 正在处理: my_translation\Multilanguage-Blue Archive\localisation\german\simp_chinese\BA_event_Emergencies_l_german.yml
2025-08-17 21:20:51,992 - INFO - 正在处理: my_translation\Multilanguage-Blue Archive\localisation\german\simp_chinese\BA_event_origins_l_german.yml
2025-08-17 21:20:51,993 - INFO - 正在处理: my_translation\Multilanguage-Blue Archive\localisation\german\simp_chinese\BA_event_Shittem_l_german.yml
2025-08-17 21:20:51,995 - INFO - 正在处理: my_translation\Multilanguage-Blue Archive\localisation\german\simp_chinese\BA_event_tr&ape_l_german.yml
2025-08-17 21:20:51,995 - INFO - 正在处理: my_translation\Multilanguage-Blue Archive\localisation\german\simp_chinese\BA_leader_l_german.yml
2025-08-17 21:20:51,999 - INFO - 正在处理: my_translation\Multilanguage-Blue Archive\localisation\german\simp_chinese\BA_modifiers_l_german.yml
2025-08-17 21:20:52,000 - INFO - 正在处理: my_translation\Multilanguage-Blue Archive\localisation\german\simp_chinese\BA_Namelist_l_german.yml
2025-08-17 21:20:52,000 - INFO - 正在处理: my_translation\Multilanguage-Blue Archive\localisation\german\simp_chinese\BA_Placeholder_l_german.yml
2025-08-17 21:20:52,001 - INFO - 正在处理: my_translation\Multilanguage-Blue Archive\localisation\german\simp_chinese\BA_popmod_l_german.yml
2025-08-17 21:20:52,002 - INFO - 正在处理: my_translation\Multilanguage-Blue Archive\localisation\german\simp_chinese\BA_Precursor_l_german.yml
2025-08-17 21:20:52,003 - INFO - 正在处理: my_translation\Multilanguage-Blue Archive\localisation\german\simp_chinese\BA_Project_l_german.yml
2025-08-17 21:20:52,004 - INFO - 正在处理: my_translation\Multilanguage-Blue Archive\localisation\german\simp_chinese\BA_resource_tips_l_german.yml
2025-08-17 21:20:52,004 - INFO - 正在处理: my_translation\Multilanguage-Blue Archive\localisation\german\simp_chinese\BA_School_Idea_l_german.yml
2025-08-17 21:20:52,006 - INFO - 正在处理: my_translation\Multilanguage-Blue Archive\localisation\german\simp_chinese\BA_speciel_story_l_german.yml
2025-08-17 21:20:52,007 - INFO - 正在处理: my_translation\Multilanguage-Blue Archive\localisation\german\simp_chinese\BA_Species&Goverments&Civics_l_german.yml
2025-08-17 21:20:52,007 - INFO - 正在处理: my_translation\Multilanguage-Blue Archive\localisation\german\simp_chinese\BA_test_l_german.yml
2025-08-17 21:20:52,007 - INFO - 正在处理: my_translation\Multilanguage-Blue Archive\localisation\japanese\simp_chinese\BA_Anomaly&Arc_site_l_japanese.yml
2025-08-17 21:20:52,008 - INFO - 正在处理: my_translation\Multilanguage-Blue Archive\localisation\japanese\simp_chinese\BA_Club_l_japanese.yml
2025-08-17 21:20:52,011 - INFO - 正在处理: my_translation\Multilanguage-Blue Archive\localisation\japanese\simp_chinese\BA_common_l_japanese.yml
2025-08-17 21:20:52,019 - INFO - 正在处理: my_translation\Multilanguage-Blue Archive\localisation\japanese\simp_chinese\BA_component_l_japanese.yml
2025-08-17 21:20:52,020 - INFO - 正在处理: my_translation\Multilanguage-Blue Archive\localisation\japanese\simp_chinese\BA_concepts_l_japanese.yml
2025-08-17 21:20:52,020 - INFO - 正在处理: my_translation\Multilanguage-Blue Archive\localisation\japanese\simp_chinese\BA_event_crisis_l_japanese.yml
2025-08-17 21:20:52,022 - INFO - 正在处理: my_translation\Multilanguage-Blue Archive\localisation\japanese\simp_chinese\BA_event_Emergencies_l_japanese.yml
2025-08-17 21:20:52,024 - INFO - 正在处理: my_translation\Multilanguage-Blue Archive\localisation\japanese\simp_chinese\BA_event_origins_l_japanese.yml
2025-08-17 21:20:52,025 - INFO - 正在处理: my_translation\Multilanguage-Blue Archive\localisation\japanese\simp_chinese\BA_event_Shittem_l_japanese.yml
2025-08-17 21:20:52,028 - INFO - 正在处理: my_translation\Multilanguage-Blue Archive\localisation\japanese\simp_chinese\BA_event_tr&ape_l_japanese.yml
2025-08-17 21:20:52,029 - INFO - 正在处理: my_translation\Multilanguage-Blue Archive\localisation\japanese\simp_chinese\BA_leader_l_japanese.yml
2025-08-17 21:20:52,035 - INFO - 正在处理: my_translation\Multilanguage-Blue Archive\localisation\japanese\simp_chinese\BA_modifiers_l_japanese.yml
2025-08-17 21:20:52,036 - INFO - 正在处理: my_translation\Multilanguage-Blue Archive\localisation\japanese\simp_chinese\BA_Namelist_l_japanese.yml
2025-08-17 21:20:52,036 - INFO - 正在处理: my_translation\Multilanguage-Blue Archive\localisation\japanese\simp_chinese\BA_Placeholder_l_japanese.yml
2025-08-17 21:20:52,038 - INFO - 正在处理: my_translation\Multilanguage-Blue Archive\localisation\japanese\simp_chinese\BA_popmod_l_japanese.yml
2025-08-17 21:20:52,039 - INFO - 正在处理: my_translation\Multilanguage-Blue Archive\localisation\japanese\simp_chinese\BA_Precursor_l_japanese.yml
2025-08-17 21:20:52,039 - INFO - 正在处理: my_translation\Multilanguage-Blue Archive\localisation\japanese\simp_chinese\BA_Project_l_japanese.yml
2025-08-17 21:20:52,041 - INFO - 正在处理: my_translation\Multilanguage-Blue Archive\localisation\japanese\simp_chinese\BA_resource_tips_l_japanese.yml
2025-08-17 21:20:52,041 - INFO - 正在处理: my_translation\Multilanguage-Blue Archive\localisation\japanese\simp_chinese\BA_School_Idea_l_japanese.yml
2025-08-17 21:20:52,043 - INFO - 正在处理: my_translation\Multilanguage-Blue Archive\localisation\japanese\simp_chinese\BA_speciel_story_l_japanese.yml
2025-08-17 21:20:52,044 - INFO - 正在处理: my_translation\Multilanguage-Blue Archive\localisation\japanese\simp_chinese\BA_Species&Goverments&Civics_l_japanese.yml
2025-08-17 21:20:52,046 - INFO - 正在处理: my_translation\Multilanguage-Blue Archive\localisation\japanese\simp_chinese\BA_test_l_japanese.yml
2025-08-17 21:20:52,046 - INFO - 正在处理: my_translation\Multilanguage-Blue Archive\localisation\korean\simp_chinese\BA_Anomaly&Arc_site_l_korean.yml
2025-08-17 21:20:52,047 - INFO - 正在处理: my_translation\Multilanguage-Blue Archive\localisation\korean\simp_chinese\BA_Club_l_korean.yml
2025-08-17 21:20:52,049 - INFO - 正在处理: my_translation\Multilanguage-Blue Archive\localisation\korean\simp_chinese\BA_common_l_korean.yml
2025-08-17 21:20:52,055 - INFO - 正在处理: my_translation\Multilanguage-Blue Archive\localisation\korean\simp_chinese\BA_component_l_korean.yml
2025-08-17 21:20:52,056 - INFO - 正在处理: my_translation\Multilanguage-Blue Archive\localisation\korean\simp_chinese\BA_concepts_l_korean.yml
2025-08-17 21:20:52,056 - INFO - 正在处理: my_translation\Multilanguage-Blue Archive\localisation\korean\simp_chinese\BA_event_crisis_l_korean.yml
2025-08-17 21:20:52,058 - INFO - 正在处理: my_translation\Multilanguage-Blue Archive\localisation\korean\simp_chinese\BA_event_Emergencies_l_korean.yml
2025-08-17 21:20:52,059 - INFO - 正在处理: my_translation\Multilanguage-Blue Archive\localisation\korean\simp_chinese\BA_event_origins_l_korean.yml
2025-08-17 21:20:52,060 - INFO - 正在处理: my_translation\Multilanguage-Blue Archive\localisation\korean\simp_chinese\BA_event_Shittem_l_korean.yml
2025-08-17 21:20:52,063 - INFO - 正在处理: my_translation\Multilanguage-Blue Archive\localisation\korean\simp_chinese\BA_event_tr&ape_l_korean.yml
2025-08-17 21:20:52,064 - INFO - 正在处理: my_translation\Multilanguage-Blue Archive\localisation\korean\simp_chinese\BA_leader_l_korean.yml
2025-08-17 21:20:52,069 - INFO - 正在处理: my_translation\Multilanguage-Blue Archive\localisation\korean\simp_chinese\BA_modifiers_l_korean.yml
2025-08-17 21:20:52,069 - INFO - 正在处理: my_translation\Multilanguage-Blue Archive\localisation\korean\simp_chinese\BA_Namelist_l_korean.yml
2025-08-17 21:20:52,070 - INFO - 正在处理: my_translation\Multilanguage-Blue Archive\localisation\korean\simp_chinese\BA_Placeholder_l_korean.yml
2025-08-17 21:20:52,071 - INFO - 正在处理: my_translation\Multilanguage-Blue Archive\localisation\korean\simp_chinese\BA_popmod_l_korean.yml
2025-08-17 21:20:52,071 - INFO - 正在处理: my_translation\Multilanguage-Blue Archive\localisation\korean\simp_chinese\BA_Precursor_l_korean.yml
2025-08-17 21:20:52,072 - INFO - 正在处理: my_translation\Multilanguage-Blue Archive\localisation\korean\simp_chinese\BA_Project_l_korean.yml
2025-08-17 21:20:52,074 - INFO - 正在处理: my_translation\Multilanguage-Blue Archive\localisation\korean\simp_chinese\BA_resource_tips_l_korean.yml
2025-08-17 21:20:52,074 - INFO - 正在处理: my_translation\Multilanguage-Blue Archive\localisation\korean\simp_chinese\BA_School_Idea_l_korean.yml
2025-08-17 21:20:52,076 - INFO - 正在处理: my_translation\Multilanguage-Blue Archive\localisation\korean\simp_chinese\BA_speciel_story_l_korean.yml
2025-08-17 21:20:52,077 - INFO - 正在处理: my_translation\Multilanguage-Blue Archive\localisation\korean\simp_chinese\BA_Species&Goverments&Civics_l_korean.yml
2025-08-17 21:20:52,078 - INFO - 正在处理: my_translation\Multilanguage-Blue Archive\localisation\korean\simp_chinese\BA_test_l_korean.yml
2025-08-17 21:20:52,079 - INFO - 正在处理: my_translation\Multilanguage-Blue Archive\localisation\polish\simp_chinese\BA_Anomaly&Arc_site_l_polish.yml
2025-08-17 21:20:52,079 - INFO - 正在处理: my_translation\Multilanguage-Blue Archive\localisation\polish\simp_chinese\BA_Club_l_polish.yml
2025-08-17 21:20:52,082 - INFO - 正在处理: my_translation\Multilanguage-Blue Archive\localisation\polish\simp_chinese\BA_common_l_polish.yml
2025-08-17 21:20:52,088 - INFO - 正在处理: my_translation\Multilanguage-Blue Archive\localisation\polish\simp_chinese\BA_component_l_polish.yml
2025-08-17 21:20:52,088 - INFO - 正在处理: my_translation\Multilanguage-Blue Archive\localisation\polish\simp_chinese\BA_concepts_l_polish.yml
2025-08-17 21:20:52,088 - INFO - 正在处理: my_translation\Multilanguage-Blue Archive\localisation\polish\simp_chinese\BA_event_crisis_l_polish.yml
2025-08-17 21:20:52,090 - INFO - 正在处理: my_translation\Multilanguage-Blue Archive\localisation\polish\simp_chinese\BA_event_Emergencies_l_polish.yml
2025-08-17 21:20:52,092 - INFO - 正在处理: my_translation\Multilanguage-Blue Archive\localisation\polish\simp_chinese\BA_event_origins_l_polish.yml
2025-08-17 21:20:52,093 - INFO - 正在处理: my_translation\Multilanguage-Blue Archive\localisation\polish\simp_chinese\BA_event_Shittem_l_polish.yml
2025-08-17 21:20:52,095 - INFO - 正在处理: my_translation\Multilanguage-Blue Archive\localisation\polish\simp_chinese\BA_event_tr&ape_l_polish.yml
2025-08-17 21:20:52,096 - INFO - 正在处理: my_translation\Multilanguage-Blue Archive\localisation\polish\simp_chinese\BA_leader_l_polish.yml
2025-08-17 21:20:52,101 - INFO - 正在处理: my_translation\Multilanguage-Blue Archive\localisation\polish\simp_chinese\BA_modifiers_l_polish.yml
2025-08-17 21:20:52,101 - INFO - 正在处理: my_translation\Multilanguage-Blue Archive\localisation\polish\simp_chinese\BA_Namelist_l_polish.yml
2025-08-17 21:20:52,102 - INFO - 正在处理: my_translation\Multilanguage-Blue Archive\localisation\polish\simp_chinese\BA_Placeholder_l_polish.yml
2025-08-17 21:20:52,102 - INFO - 正在处理: my_translation\Multilanguage-Blue Archive\localisation\polish\simp_chinese\BA_popmod_l_polish.yml
2025-08-17 21:20:52,103 - INFO - 正在处理: my_translation\Multilanguage-Blue Archive\localisation\polish\simp_chinese\BA_Precursor_l_polish.yml
2025-08-17 21:20:52,104 - INFO - 正在处理: my_translation\Multilanguage-Blue Archive\localisation\polish\simp_chinese\BA_Project_l_polish.yml
2025-08-17 21:20:52,106 - INFO - 正在处理: my_translation\Multilanguage-Blue Archive\localisation\polish\simp_chinese\BA_resource_tips_l_polish.yml
2025-08-17 21:20:52,106 - INFO - 正在处理: my_translation\Multilanguage-Blue Archive\localisation\polish\simp_chinese\BA_School_Idea_l_polish.yml
2025-08-17 21:20:52,107 - INFO - 正在处理: my_translation\Multilanguage-Blue Archive\localisation\polish\simp_chinese\BA_speciel_story_l_polish.yml
2025-08-17 21:20:52,108 - INFO - 正在处理: my_translation\Multilanguage-Blue Archive\localisation\polish\simp_chinese\BA_Species&Goverments&Civics_l_polish.yml
2025-08-17 21:20:52,109 - INFO - 正在处理: my_translation\Multilanguage-Blue Archive\localisation\polish\simp_chinese\BA_test_l_polish.yml
2025-08-17 21:20:52,110 - INFO - 正在处理: my_translation\Multilanguage-Blue Archive\localisation\russian\simp_chinese\BA_Anomaly&Arc_site_l_russian.yml
2025-08-17 21:20:52,110 - INFO - 正在处理: my_translation\Multilanguage-Blue Archive\localisation\russian\simp_chinese\BA_Club_l_russian.yml
2025-08-17 21:20:52,113 - INFO - 正在处理: my_translation\Multilanguage-Blue Archive\localisation\russian\simp_chinese\BA_common_l_russian.yml
2025-08-17 21:20:52,120 - INFO - 正在处理: my_translation\Multilanguage-Blue Archive\localisation\russian\simp_chinese\BA_component_l_russian.yml
2025-08-17 21:20:52,121 - INFO - 正在处理: my_translation\Multilanguage-Blue Archive\localisation\russian\simp_chinese\BA_concepts_l_russian.yml
2025-08-17 21:20:52,121 - INFO - 正在处理: my_translation\Multilanguage-Blue Archive\localisation\russian\simp_chinese\BA_event_crisis_l_russian.yml
2025-08-17 21:20:52,123 - INFO - 正在处理: my_translation\Multilanguage-Blue Archive\localisation\russian\simp_chinese\BA_event_Emergencies_l_russian.yml
2025-08-17 21:20:52,125 - INFO - 正在处理: my_translation\Multilanguage-Blue Archive\localisation\russian\simp_chinese\BA_event_origins_l_russian.yml
2025-08-17 21:20:52,126 - INFO - 正在处理: my_translation\Multilanguage-Blue Archive\localisation\spanish\simp_chinese\BA_Anomaly&Arc_site_l_spanish.yml
2025-08-17 21:20:52,127 - INFO - 正在处理: my_translation\Multilanguage-Blue Archive\localisation\spanish\simp_chinese\BA_Club_l_spanish.yml
2025-08-17 21:20:52,128 - INFO - 正在处理: my_translation\Multilanguage-Blue Archive\localisation\spanish\simp_chinese\BA_common_l_spanish.yml
2025-08-17 21:20:52,133 - INFO - 正在处理: my_translation\Multilanguage-Blue Archive\localisation\spanish\simp_chinese\BA_component_l_spanish.yml
2025-08-17 21:20:52,134 - INFO - 正在处理: my_translation\Multilanguage-Blue Archive\localisation\spanish\simp_chinese\BA_concepts_l_spanish.yml
2025-08-17 21:20:52,134 - INFO - 正在处理: my_translation\Multilanguage-Blue Archive\localisation\spanish\simp_chinese\BA_event_crisis_l_spanish.yml
2025-08-17 21:20:52,135 - INFO - 正在处理: my_translation\Multilanguage-Blue Archive\localisation\spanish\simp_chinese\BA_event_Emergencies_l_spanish.yml
2025-08-17 21:20:52,136 - INFO - 正在处理: my_translation\Multilanguage-Blue Archive\localisation\spanish\simp_chinese\BA_event_origins_l_spanish.yml
2025-08-17 21:20:52,138 - INFO - 正在处理: my_translation\Multilanguage-Blue Archive\localisation\spanish\simp_chinese\BA_event_Shittem_l_spanish.yml
2025-08-17 21:20:52,139 - INFO - 正在处理: my_translation\Multilanguage-Blue Archive\localisation\spanish\simp_chinese\BA_event_tr&ape_l_spanish.yml
2025-08-17 21:20:52,140 - INFO - 正在处理: my_translation\Multilanguage-Blue Archive\localisation\spanish\simp_chinese\BA_leader_l_spanish.yml
2025-08-17 21:20:52,144 - INFO - 正在处理: my_translation\Multilanguage-Blue Archive\localisation\spanish\simp_chinese\BA_modifiers_l_spanish.yml
2025-08-17 21:20:52,144 - INFO - 正在处理: my_translation\Multilanguage-Blue Archive\localisation\spanish\simp_chinese\BA_Namelist_l_spanish.yml
2025-08-17 21:20:52,145 - INFO - 正在处理: my_translation\Multilanguage-Blue Archive\localisation\spanish\simp_chinese\BA_Placeholder_l_spanish.yml
2025-08-17 21:20:52,145 - INFO - 正在处理: my_translation\Multilanguage-Blue Archive\localisation\spanish\simp_chinese\BA_popmod_l_spanish.yml
2025-08-17 21:20:52,146 - INFO - 正在处理: my_translation\Multilanguage-Blue Archive\localisation\spanish\simp_chinese\BA_Precursor_l_spanish.yml
2025-08-17 21:20:52,147 - INFO - 正在处理: my_translation\Multilanguage-Blue Archive\localisation\spanish\simp_chinese\BA_Project_l_spanish.yml
2025-08-17 21:20:52,148 - INFO - 正在处理: my_translation\Multilanguage-Blue Archive\localisation\spanish\simp_chinese\BA_resource_tips_l_spanish.yml
2025-08-17 21:20:52,148 - INFO - 正在处理: my_translation\Multilanguage-Blue Archive\localisation\spanish\simp_chinese\BA_School_Idea_l_spanish.yml
2025-08-17 21:20:52,149 - INFO - 正在处理: my_translation\Multilanguage-Blue Archive\localisation\spanish\simp_chinese\BA_speciel_story_l_spanish.yml
2025-08-17 21:20:52,150 - INFO - 正在处理: my_translation\Multilanguage-Blue Archive\localisation\spanish\simp_chinese\BA_Species&Goverments&Civics_l_spanish.yml
2025-08-17 21:20:52,151 - INFO - 正在处理: my_translation\Multilanguage-Blue Archive\localisation\spanish\simp_chinese\BA_test_l_spanish.yml
2025-08-17 21:20:52,151 - INFO - 正在处理: my_translation\Multilanguage-MODJAM2025\localisation\braz_por\ds_pr_l_braz_por.yml
2025-08-17 21:20:52,152 - INFO - 正在处理: my_translation\Multilanguage-MODJAM2025\localisation\french\ds_pr_l_french.yml
2025-08-17 21:20:52,153 - INFO - 正在处理: my_translation\Multilanguage-MODJAM2025\localisation\german\ds_pr_l_german.yml
2025-08-17 21:20:52,154 - INFO - 正在处理: my_translation\Multilanguage-MODJAM2025\localisation\japanese\ds_pr_l_japanese.yml
2025-08-17 21:20:52,156 - INFO - 正在处理: my_translation\Multilanguage-MODJAM2025\localisation\korean\ds_pr_l_korean.yml
2025-08-17 21:20:52,158 - INFO - 正在处理: my_translation\Multilanguage-MODJAM2025\localisation\polish\ds_pr_l_polish.yml
2025-08-17 21:20:52,159 - INFO - 正在处理: my_translation\Multilanguage-MODJAM2025\localisation\russian\ds_pr_l_russian.yml
2025-08-17 21:20:52,161 - INFO - 正在处理: my_translation\Multilanguage-MODJAM2025\localisation\simp_chinese\ds_pr_l_simp_chinese.yml
2025-08-17 21:20:52,163 - INFO - 正在处理: my_translation\Multilanguage-MODJAM2025\localisation\spanish\ds_pr_l_spanish.yml
2025-08-17 21:20:52,164 - INFO - 正在处理: my_translation\Multilanguage-MODJAM2025\localisation\braz_por\english\00_kt_crisis_l_braz_por.yml
2025-08-17 21:20:52,165 - INFO - 正在处理: my_translation\Multilanguage-MODJAM2025\localisation\braz_por\english\coex_l_braz_por.yml
2025-08-17 21:20:52,166 - INFO - 正在处理: my_translation\Multilanguage-MODJAM2025\localisation\braz_por\english\cwis_l_braz_por.yml
2025-08-17 21:20:52,167 - INFO - 正在处理: my_translation\Multilanguage-MODJAM2025\localisation\braz_por\english\darktec_events_l_braz_por.yml
2025-08-17 21:20:52,169 - INFO - 正在处理: my_translation\Multilanguage-MODJAM2025\localisation\braz_por\english\darktec_mechanics_l_braz_por.yml
2025-08-17 21:20:52,171 - INFO - 正在处理: my_translation\Multilanguage-MODJAM2025\localisation\braz_por\english\dream_l_braz_por.yml
2025-08-17 21:20:52,172 - INFO - 正在处理: my_translation\Multilanguage-MODJAM2025\localisation\braz_por\english\dtm_theophany_l_braz_por.yml
2025-08-17 21:20:52,174 - INFO - 正在处理: my_translation\Multilanguage-MODJAM2025\localisation\braz_por\english\hcp_events_l_braz_por.yml
2025-08-17 21:20:52,174 - INFO - 正在处理: my_translation\Multilanguage-MODJAM2025\localisation\braz_por\english\hcp_l_braz_por.yml
2025-08-17 21:20:52,175 - INFO - 正在处理: my_translation\Multilanguage-MODJAM2025\localisation\braz_por\english\hcp_megastructures_l_braz_por.yml
2025-08-17 21:20:52,175 - INFO - 正在处理: my_translation\Multilanguage-MODJAM2025\localisation\braz_por\english\hcp_ships_l_braz_por.yml
2025-08-17 21:20:52,175 - INFO - 正在处理: my_translation\Multilanguage-MODJAM2025\localisation\braz_por\english\hcp_situations_l_braz_por.yml
2025-08-17 21:20:52,175 - INFO - 正在处理: my_translation\Multilanguage-MODJAM2025\localisation\braz_por\english\mj25_l_braz_por.yml
2025-08-17 21:20:52,176 - INFO - 正在处理: my_translation\Multilanguage-MODJAM2025\localisation\braz_por\english\MJ25_WH_crisis_l_braz_por.yml
2025-08-17 21:20:52,176 - INFO - 正在处理: my_translation\Multilanguage-MODJAM2025\localisation\braz_por\english\MJ25_WH_events_l_braz_por.yml
2025-08-17 21:20:52,177 - INFO - 正在处理: my_translation\Multilanguage-MODJAM2025\localisation\braz_por\english\MJ25_WH_l_braz_por.yml
2025-08-17 21:20:52,179 - INFO - 正在处理: my_translation\Multilanguage-MODJAM2025\localisation\braz_por\english\MJ25_WH_sites_l_braz_por.yml
2025-08-17 21:20:52,180 - INFO - 正在处理: my_translation\Multilanguage-MODJAM2025\localisation\braz_por\english\mjarchitect_l_braz_por.yml
2025-08-17 21:20:52,182 - INFO - 正在处理: my_translation\Multilanguage-MODJAM2025\localisation\braz_por\english\muteGO_l_braz_por.yml
2025-08-17 21:20:52,183 - INFO - 正在处理: my_translation\Multilanguage-MODJAM2025\localisation\braz_por\english\otc_crisis_l_braz_por.yml
2025-08-17 21:20:52,184 - INFO - 正在处理: my_translation\Multilanguage-MODJAM2025\localisation\braz_por\english\pdivinitiy_crisis_ui_l_braz_por.yml
2025-08-17 21:20:52,185 - INFO - 正在处理: my_translation\Multilanguage-MODJAM2025\localisation\braz_por\english\pdivinity_events_l_braz_por.yml
2025-08-17 21:20:52,186 - INFO - 正在处理: my_translation\Multilanguage-MODJAM2025\localisation\braz_por\english\pdivinity_misc_l_braz_por.yml
2025-08-17 21:20:52,186 - INFO - 正在处理: my_translation\Multilanguage-MODJAM2025\localisation\braz_por\english\pdivinity_ship_stuff_l_braz_por.yml
2025-08-17 21:20:52,187 - INFO - 正在处理: my_translation\Multilanguage-MODJAM2025\localisation\braz_por\english\pdivinity_tech_l_braz_por.yml
2025-08-17 21:20:52,187 - INFO - 正在处理: my_translation\Multilanguage-MODJAM2025\localisation\braz_por\english\php_l_braz_por.yml
2025-08-17 21:20:52,187 - INFO - 正在处理: my_translation\Multilanguage-MODJAM2025\localisation\braz_por\english\tup_l_braz_por.yml
2025-08-17 21:20:52,189 - INFO - 正在处理: my_translation\Multilanguage-MODJAM2025\localisation\braz_por\english\veu_l_braz_por.yml
2025-08-17 21:20:52,190 - INFO - 正在处理: my_translation\Multilanguage-MODJAM2025\localisation\braz_por\english\wiirlak_ep_concept_l_braz_por.yml
2025-08-17 21:20:52,190 - INFO - 正在处理: my_translation\Multilanguage-MODJAM2025\localisation\braz_por\english\wiirlak_ep_l_braz_por.yml
2025-08-17 21:20:52,191 - INFO - 正在处理: my_translation\Multilanguage-MODJAM2025\localisation\french\english\00_kt_crisis_l_french.yml
2025-08-17 21:20:52,192 - INFO - 正在处理: my_translation\Multilanguage-MODJAM2025\localisation\french\english\coex_l_french.yml
2025-08-17 21:20:52,192 - INFO - 正在处理: my_translation\Multilanguage-MODJAM2025\localisation\french\english\cwis_l_french.yml
2025-08-17 21:20:52,193 - INFO - 正在处理: my_translation\Multilanguage-MODJAM2025\localisation\french\english\darktec_events_l_french.yml
2025-08-17 21:20:52,195 - INFO - 正在处理: my_translation\Multilanguage-MODJAM2025\localisation\french\english\darktec_mechanics_l_french.yml
2025-08-17 21:20:52,197 - INFO - 正在处理: my_translation\Multilanguage-MODJAM2025\localisation\french\english\dream_l_french.yml
2025-08-17 21:20:52,198 - INFO - 正在处理: my_translation\Multilanguage-MODJAM2025\localisation\french\english\dtm_theophany_l_french.yml
2025-08-17 21:20:52,200 - INFO - 正在处理: my_translation\Multilanguage-MODJAM2025\localisation\french\english\hcp_events_l_french.yml
2025-08-17 21:20:52,200 - INFO - 正在处理: my_translation\Multilanguage-MODJAM2025\localisation\french\english\hcp_l_french.yml
2025-08-17 21:20:52,201 - INFO - 正在处理: my_translation\Multilanguage-MODJAM2025\localisation\french\english\hcp_megastructures_l_french.yml
2025-08-17 21:20:52,201 - INFO - 正在处理: my_translation\Multilanguage-MODJAM2025\localisation\french\english\hcp_ships_l_french.yml
2025-08-17 21:20:52,201 - INFO - 正在处理: my_translation\Multilanguage-MODJAM2025\localisation\french\english\hcp_situations_l_french.yml
2025-08-17 21:20:52,201 - INFO - 正在处理: my_translation\Multilanguage-MODJAM2025\localisation\french\english\mj25_l_french.yml
2025-08-17 21:20:52,202 - INFO - 正在处理: my_translation\Multilanguage-MODJAM2025\localisation\french\english\MJ25_WH_crisis_l_french.yml
2025-08-17 21:20:52,202 - INFO - 正在处理: my_translation\Multilanguage-MODJAM2025\localisation\french\english\MJ25_WH_events_l_french.yml
2025-08-17 21:20:52,203 - INFO - 正在处理: my_translation\Multilanguage-MODJAM2025\localisation\french\english\MJ25_WH_l_french.yml
2025-08-17 21:20:52,204 - INFO - 正在处理: my_translation\Multilanguage-MODJAM2025\localisation\french\english\MJ25_WH_sites_l_french.yml
2025-08-17 21:20:52,205 - INFO - 正在处理: my_translation\Multilanguage-MODJAM2025\localisation\french\english\mjarchitect_l_french.yml
2025-08-17 21:20:52,207 - INFO - 正在处理: my_translation\Multilanguage-MODJAM2025\localisation\french\english\muteGO_l_french.yml
2025-08-17 21:20:52,207 - INFO - 正在处理: my_translation\Multilanguage-MODJAM2025\localisation\french\english\otc_crisis_l_french.yml
2025-08-17 21:20:52,209 - INFO - 正在处理: my_translation\Multilanguage-MODJAM2025\localisation\french\english\pdivinitiy_crisis_ui_l_french.yml
2025-08-17 21:20:52,209 - INFO - 正在处理: my_translation\Multilanguage-MODJAM2025\localisation\french\english\pdivinity_events_l_french.yml
2025-08-17 21:20:52,210 - INFO - 正在处理: my_translation\Multilanguage-MODJAM2025\localisation\french\english\pdivinity_misc_l_french.yml
2025-08-17 21:20:52,211 - INFO - 正在处理: my_translation\Multilanguage-MODJAM2025\localisation\french\english\pdivinity_ship_stuff_l_french.yml
2025-08-17 21:20:52,211 - INFO - 正在处理: my_translation\Multilanguage-MODJAM2025\localisation\french\english\pdivinity_tech_l_french.yml
2025-08-17 21:20:52,212 - INFO - 正在处理: my_translation\Multilanguage-MODJAM2025\localisation\french\english\php_l_french.yml
2025-08-17 21:20:52,212 - INFO - 正在处理: my_translation\Multilanguage-MODJAM2025\localisation\french\english\tup_l_french.yml
2025-08-17 21:20:52,214 - INFO - 正在处理: my_translation\Multilanguage-MODJAM2025\localisation\french\english\veu_l_french.yml
2025-08-17 21:20:52,214 - INFO - 正在处理: my_translation\Multilanguage-MODJAM2025\localisation\french\english\wiirlak_ep_concept_l_french.yml
2025-08-17 21:20:52,214 - INFO - 正在处理: my_translation\Multilanguage-MODJAM2025\localisation\french\english\wiirlak_ep_l_french.yml
2025-08-17 21:20:52,216 - INFO - 正在处理: my_translation\Multilanguage-MODJAM2025\localisation\german\english\00_kt_crisis_l_german.yml
2025-08-17 21:20:52,217 - INFO - 正在处理: my_translation\Multilanguage-MODJAM2025\localisation\german\english\coex_l_german.yml
2025-08-17 21:20:52,217 - INFO - 正在处理: my_translation\Multilanguage-MODJAM2025\localisation\german\english\cwis_l_german.yml
2025-08-17 21:20:52,218 - INFO - 正在处理: my_translation\Multilanguage-MODJAM2025\localisation\german\english\darktec_events_l_german.yml
2025-08-17 21:20:52,220 - INFO - 正在处理: my_translation\Multilanguage-MODJAM2025\localisation\german\english\darktec_mechanics_l_german.yml
2025-08-17 21:20:52,223 - INFO - 正在处理: my_translation\Multilanguage-MODJAM2025\localisation\german\english\dream_l_german.yml
2025-08-17 21:20:52,224 - INFO - 正在处理: my_translation\Multilanguage-MODJAM2025\localisation\german\english\dtm_theophany_l_german.yml
2025-08-17 21:20:52,225 - INFO - 正在处理: my_translation\Multilanguage-MODJAM2025\localisation\german\english\hcp_events_l_german.yml
2025-08-17 21:20:52,226 - INFO - 正在处理: my_translation\Multilanguage-MODJAM2025\localisation\german\english\hcp_l_german.yml
2025-08-17 21:20:52,226 - INFO - 正在处理: my_translation\Multilanguage-MODJAM2025\localisation\german\english\hcp_megastructures_l_german.yml
2025-08-17 21:20:52,227 - INFO - 正在处理: my_translation\Multilanguage-MODJAM2025\localisation\german\english\hcp_ships_l_german.yml
2025-08-17 21:20:52,227 - INFO - 正在处理: my_translation\Multilanguage-MODJAM2025\localisation\german\english\hcp_situations_l_german.yml
2025-08-17 21:20:52,227 - INFO - 正在处理: my_translation\Multilanguage-MODJAM2025\localisation\german\english\mj25_l_german.yml
2025-08-17 21:20:52,227 - INFO - 正在处理: my_translation\Multilanguage-MODJAM2025\localisation\german\english\MJ25_WH_crisis_l_german.yml
2025-08-17 21:20:52,228 - INFO - 正在处理: my_translation\Multilanguage-MODJAM2025\localisation\german\english\MJ25_WH_events_l_german.yml
2025-08-17 21:20:52,229 - INFO - 正在处理: my_translation\Multilanguage-MODJAM2025\localisation\german\english\MJ25_WH_l_german.yml
2025-08-17 21:20:52,229 - INFO - 正在处理: my_translation\Multilanguage-MODJAM2025\localisation\german\english\MJ25_WH_sites_l_german.yml
2025-08-17 21:20:52,231 - INFO - 正在处理: my_translation\Multilanguage-MODJAM2025\localisation\german\english\mjarchitect_l_german.yml
2025-08-17 21:20:52,233 - INFO - 正在处理: my_translation\Multilanguage-MODJAM2025\localisation\german\english\muteGO_l_german.yml
2025-08-17 21:20:52,234 - INFO - 正在处理: my_translation\Multilanguage-MODJAM2025\localisation\german\english\otc_crisis_l_german.yml
2025-08-17 21:20:52,235 - INFO - 正在处理: my_translation\Multilanguage-MODJAM2025\localisation\german\english\pdivinitiy_crisis_ui_l_german.yml
2025-08-17 21:20:52,236 - INFO - 正在处理: my_translation\Multilanguage-MODJAM2025\localisation\german\english\pdivinity_events_l_german.yml
2025-08-17 21:20:52,237 - INFO - 正在处理: my_translation\Multilanguage-MODJAM2025\localisation\german\english\pdivinity_misc_l_german.yml
2025-08-17 21:20:52,238 - INFO - 正在处理: my_translation\Multilanguage-MODJAM2025\localisation\german\english\pdivinity_ship_stuff_l_german.yml
2025-08-17 21:20:52,239 - INFO - 正在处理: my_translation\Multilanguage-MODJAM2025\localisation\german\english\pdivinity_tech_l_german.yml
2025-08-17 21:20:52,239 - INFO - 正在处理: my_translation\Multilanguage-MODJAM2025\localisation\german\english\php_l_german.yml
2025-08-17 21:20:52,239 - INFO - 正在处理: my_translation\Multilanguage-MODJAM2025\localisation\german\english\tup_l_german.yml
2025-08-17 21:20:52,241 - INFO - 正在处理: my_translation\Multilanguage-MODJAM2025\localisation\german\english\veu_l_german.yml
2025-08-17 21:20:52,242 - INFO - 正在处理: my_translation\Multilanguage-MODJAM2025\localisation\german\english\wiirlak_ep_concept_l_german.yml
2025-08-17 21:20:52,242 - INFO - 正在处理: my_translation\Multilanguage-MODJAM2025\localisation\german\english\wiirlak_ep_l_german.yml
2025-08-17 21:20:52,243 - INFO - 正在处理: my_translation\Multilanguage-MODJAM2025\localisation\japanese\english\00_kt_crisis_l_japanese.yml
2025-08-17 21:20:52,245 - INFO - 正在处理: my_translation\Multilanguage-MODJAM2025\localisation\japanese\english\coex_l_japanese.yml
2025-08-17 21:20:52,246 - INFO - 正在处理: my_translation\Multilanguage-MODJAM2025\localisation\japanese\english\cwis_l_japanese.yml
2025-08-17 21:20:52,247 - INFO - 正在处理: my_translation\Multilanguage-MODJAM2025\localisation\japanese\english\darktec_events_l_japanese.yml
2025-08-17 21:20:52,251 - INFO - 正在处理: my_translation\Multilanguage-MODJAM2025\localisation\japanese\english\darktec_mechanics_l_japanese.yml
2025-08-17 21:20:52,255 - INFO - 正在处理: my_translation\Multilanguage-MODJAM2025\localisation\japanese\english\dream_l_japanese.yml
2025-08-17 21:20:52,256 - INFO - 正在处理: my_translation\Multilanguage-MODJAM2025\localisation\japanese\english\dtm_theophany_l_japanese.yml
2025-08-17 21:20:52,259 - INFO - 正在处理: my_translation\Multilanguage-MODJAM2025\localisation\japanese\english\hcp_events_l_japanese.yml
2025-08-17 21:20:52,260 - INFO - 正在处理: my_translation\Multilanguage-MODJAM2025\localisation\japanese\english\hcp_l_japanese.yml
2025-08-17 21:20:52,261 - INFO - 正在处理: my_translation\Multilanguage-MODJAM2025\localisation\japanese\english\hcp_megastructures_l_japanese.yml
2025-08-17 21:20:52,261 - INFO - 正在处理: my_translation\Multilanguage-MODJAM2025\localisation\japanese\english\hcp_ships_l_japanese.yml
2025-08-17 21:20:52,262 - INFO - 正在处理: my_translation\Multilanguage-MODJAM2025\localisation\japanese\english\hcp_situations_l_japanese.yml
2025-08-17 21:20:52,263 - INFO - 正在处理: my_translation\Multilanguage-MODJAM2025\localisation\japanese\english\mj25_l_japanese.yml
2025-08-17 21:20:52,263 - INFO - 正在处理: my_translation\Multilanguage-MODJAM2025\localisation\japanese\english\MJ25_WH_crisis_l_japanese.yml
2025-08-17 21:20:52,265 - INFO - 正在处理: my_translation\Multilanguage-MODJAM2025\localisation\japanese\english\MJ25_WH_events_l_japanese.yml
2025-08-17 21:20:52,266 - INFO - 正在处理: my_translation\Multilanguage-MODJAM2025\localisation\japanese\english\MJ25_WH_l_japanese.yml
2025-08-17 21:20:52,268 - INFO - 正在处理: my_translation\Multilanguage-MODJAM2025\localisation\japanese\english\MJ25_WH_sites_l_japanese.yml
2025-08-17 21:20:52,271 - INFO - 正在处理: my_translation\Multilanguage-MODJAM2025\localisation\japanese\english\mjarchitect_l_japanese.yml
2025-08-17 21:20:52,274 - INFO - 正在处理: my_translation\Multilanguage-MODJAM2025\localisation\japanese\english\muteGO_l_japanese.yml
2025-08-17 21:20:52,276 - INFO - 正在处理: my_translation\Multilanguage-MODJAM2025\localisation\japanese\english\otc_crisis_l_japanese.yml
2025-08-17 21:20:52,278 - INFO - 正在处理: my_translation\Multilanguage-MODJAM2025\localisation\japanese\english\pdivinitiy_crisis_ui_l_japanese.yml
2025-08-17 21:20:52,278 - INFO - 正在处理: my_translation\Multilanguage-MODJAM2025\localisation\japanese\english\pdivinity_events_l_japanese.yml
2025-08-17 21:20:52,280 - INFO - 正在处理: my_translation\Multilanguage-MODJAM2025\localisation\japanese\english\pdivinity_misc_l_japanese.yml
2025-08-17 21:20:52,281 - INFO - 正在处理: my_translation\Multilanguage-MODJAM2025\localisation\japanese\english\pdivinity_ship_stuff_l_japanese.yml
2025-08-17 21:20:52,282 - INFO - 正在处理: my_translation\Multilanguage-MODJAM2025\localisation\japanese\english\pdivinity_tech_l_japanese.yml
2025-08-17 21:20:52,282 - INFO - 正在处理: my_translation\Multilanguage-MODJAM2025\localisation\japanese\english\php_l_japanese.yml
2025-08-17 21:20:52,283 - INFO - 正在处理: my_translation\Multilanguage-MODJAM2025\localisation\japanese\english\tup_l_japanese.yml
2025-08-17 21:20:52,286 - INFO - 正在处理: my_translation\Multilanguage-MODJAM2025\localisation\japanese\english\veu_l_japanese.yml
2025-08-17 21:20:52,288 - INFO - 正在处理: my_translation\Multilanguage-MODJAM2025\localisation\japanese\english\wiirlak_ep_concept_l_japanese.yml
2025-08-17 21:20:52,288 - INFO - 正在处理: my_translation\Multilanguage-MODJAM2025\localisation\japanese\english\wiirlak_ep_l_japanese.yml
2025-08-17 21:20:52,290 - INFO - 正在处理: my_translation\Multilanguage-MODJAM2025\localisation\korean\english\00_kt_crisis_l_korean.yml
2025-08-17 21:20:52,291 - INFO - 正在处理: my_translation\Multilanguage-MODJAM2025\localisation\korean\english\coex_l_korean.yml
2025-08-17 21:20:52,292 - INFO - 正在处理: my_translation\Multilanguage-MODJAM2025\localisation\korean\english\cwis_l_korean.yml
2025-08-17 21:20:52,293 - INFO - 正在处理: my_translation\Multilanguage-MODJAM2025\localisation\korean\english\darktec_events_l_korean.yml
2025-08-17 21:20:52,296 - INFO - 正在处理: my_translation\Multilanguage-MODJAM2025\localisation\korean\english\darktec_mechanics_l_korean.yml
2025-08-17 21:20:52,299 - INFO - 正在处理: my_translation\Multilanguage-MODJAM2025\localisation\korean\english\dream_l_korean.yml
2025-08-17 21:20:52,300 - INFO - 正在处理: my_translation\Multilanguage-MODJAM2025\localisation\korean\english\dtm_theophany_l_korean.yml
2025-08-17 21:20:52,301 - INFO - 正在处理: my_translation\Multilanguage-MODJAM2025\localisation\korean\english\hcp_events_l_korean.yml
2025-08-17 21:20:52,302 - INFO - 正在处理: my_translation\Multilanguage-MODJAM2025\localisation\korean\english\hcp_l_korean.yml
2025-08-17 21:20:52,303 - INFO - 正在处理: my_translation\Multilanguage-MODJAM2025\localisation\korean\english\hcp_megastructures_l_korean.yml
2025-08-17 21:20:52,303 - INFO - 正在处理: my_translation\Multilanguage-MODJAM2025\localisation\korean\english\hcp_ships_l_korean.yml
2025-08-17 21:20:52,303 - INFO - 正在处理: my_translation\Multilanguage-MODJAM2025\localisation\korean\english\hcp_situations_l_korean.yml
2025-08-17 21:20:52,304 - INFO - 正在处理: my_translation\Multilanguage-MODJAM2025\localisation\korean\english\mj25_l_korean.yml
2025-08-17 21:20:52,304 - INFO - 正在处理: my_translation\Multilanguage-MODJAM2025\localisation\korean\english\MJ25_WH_crisis_l_korean.yml
2025-08-17 21:20:52,305 - INFO - 正在处理: my_translation\Multilanguage-MODJAM2025\localisation\korean\english\MJ25_WH_events_l_korean.yml
2025-08-17 21:20:52,307 - INFO - 正在处理: my_translation\Multilanguage-MODJAM2025\localisation\korean\english\MJ25_WH_l_korean.yml
2025-08-17 21:20:52,309 - INFO - 正在处理: my_translation\Multilanguage-MODJAM2025\localisation\korean\english\MJ25_WH_sites_l_korean.yml
2025-08-17 21:20:52,311 - INFO - 正在处理: my_translation\Multilanguage-MODJAM2025\localisation\korean\english\mjarchitect_l_korean.yml
2025-08-17 21:20:52,313 - INFO - 正在处理: my_translation\Multilanguage-MODJAM2025\localisation\korean\english\muteGO_l_korean.yml
2025-08-17 21:20:52,314 - INFO - 正在处理: my_translation\Multilanguage-MODJAM2025\localisation\korean\english\otc_crisis_l_korean.yml
2025-08-17 21:20:52,315 - INFO - 正在处理: my_translation\Multilanguage-MODJAM2025\localisation\korean\english\pdivinitiy_crisis_ui_l_korean.yml
2025-08-17 21:20:52,316 - INFO - 正在处理: my_translation\Multilanguage-MODJAM2025\localisation\korean\english\pdivinity_events_l_korean.yml
2025-08-17 21:20:52,317 - INFO - 正在处理: my_translation\Multilanguage-MODJAM2025\localisation\korean\english\pdivinity_misc_l_korean.yml
2025-08-17 21:20:52,318 - INFO - 正在处理: my_translation\Multilanguage-MODJAM2025\localisation\korean\english\pdivinity_ship_stuff_l_korean.yml
2025-08-17 21:20:52,319 - INFO - 正在处理: my_translation\Multilanguage-MODJAM2025\localisation\korean\english\pdivinity_tech_l_korean.yml
2025-08-17 21:20:52,319 - INFO - 正在处理: my_translation\Multilanguage-MODJAM2025\localisation\korean\english\php_l_korean.yml
2025-08-17 21:20:52,319 - INFO - 正在处理: my_translation\Multilanguage-MODJAM2025\localisation\korean\english\tup_l_korean.yml
2025-08-17 21:20:52,322 - INFO - 正在处理: my_translation\Multilanguage-MODJAM2025\localisation\korean\english\veu_l_korean.yml
2025-08-17 21:20:52,322 - INFO - 正在处理: my_translation\Multilanguage-MODJAM2025\localisation\korean\english\wiirlak_ep_concept_l_korean.yml
2025-08-17 21:20:52,323 - INFO - 正在处理: my_translation\Multilanguage-MODJAM2025\localisation\korean\english\wiirlak_ep_l_korean.yml
2025-08-17 21:20:52,325 - INFO - 正在处理: my_translation\Multilanguage-MODJAM2025\localisation\polish\english\00_kt_crisis_l_polish.yml
2025-08-17 21:20:52,326 - INFO - 正在处理: my_translation\Multilanguage-MODJAM2025\localisation\polish\english\coex_l_polish.yml
2025-08-17 21:20:52,327 - INFO - 正在处理: my_translation\Multilanguage-MODJAM2025\localisation\polish\english\cwis_l_polish.yml
2025-08-17 21:20:52,328 - INFO - 正在处理: my_translation\Multilanguage-MODJAM2025\localisation\polish\english\darktec_events_l_polish.yml
2025-08-17 21:20:52,331 - INFO - 正在处理: my_translation\Multilanguage-MODJAM2025\localisation\polish\english\darktec_mechanics_l_polish.yml
2025-08-17 21:20:52,334 - INFO - 正在处理: my_translation\Multilanguage-MODJAM2025\localisation\polish\english\dream_l_polish.yml
2025-08-17 21:20:52,335 - INFO - 正在处理: my_translation\Multilanguage-MODJAM2025\localisation\polish\english\dtm_theophany_l_polish.yml
2025-08-17 21:20:52,337 - INFO - 正在处理: my_translation\Multilanguage-MODJAM2025\localisation\polish\english\hcp_events_l_polish.yml
2025-08-17 21:20:52,337 - INFO - 正在处理: my_translation\Multilanguage-MODJAM2025\localisation\polish\english\hcp_l_polish.yml
2025-08-17 21:20:52,338 - INFO - 正在处理: my_translation\Multilanguage-MODJAM2025\localisation\polish\english\hcp_megastructures_l_polish.yml
2025-08-17 21:20:52,338 - INFO - 正在处理: my_translation\Multilanguage-MODJAM2025\localisation\polish\english\hcp_ships_l_polish.yml
2025-08-17 21:20:52,338 - INFO - 正在处理: my_translation\Multilanguage-MODJAM2025\localisation\polish\english\hcp_situations_l_polish.yml
2025-08-17 21:20:52,339 - INFO - 正在处理: my_translation\Multilanguage-MODJAM2025\localisation\polish\english\mj25_l_polish.yml
2025-08-17 21:20:52,340 - INFO - 正在处理: my_translation\Multilanguage-MODJAM2025\localisation\polish\english\MJ25_WH_crisis_l_polish.yml
2025-08-17 21:20:52,341 - INFO - 正在处理: my_translation\Multilanguage-MODJAM2025\localisation\polish\english\MJ25_WH_events_l_polish.yml
2025-08-17 21:20:52,342 - INFO - 正在处理: my_translation\Multilanguage-MODJAM2025\localisation\polish\english\MJ25_WH_l_polish.yml
2025-08-17 21:20:52,343 - INFO - 正在处理: my_translation\Multilanguage-MODJAM2025\localisation\polish\english\MJ25_WH_sites_l_polish.yml
2025-08-17 21:20:52,346 - INFO - 正在处理: my_translation\Multilanguage-MODJAM2025\localisation\polish\english\mjarchitect_l_polish.yml
2025-08-17 21:20:52,348 - INFO - 正在处理: my_translation\Multilanguage-MODJAM2025\localisation\polish\english\muteGO_l_polish.yml
2025-08-17 21:20:52,349 - INFO - 正在处理: my_translation\Multilanguage-MODJAM2025\localisation\polish\english\otc_crisis_l_polish.yml
2025-08-17 21:20:52,351 - INFO - 正在处理: my_translation\Multilanguage-MODJAM2025\localisation\polish\english\pdivinitiy_crisis_ui_l_polish.yml
2025-08-17 21:20:52,351 - INFO - 正在处理: my_translation\Multilanguage-MODJAM2025\localisation\polish\english\pdivinity_events_l_polish.yml
2025-08-17 21:20:52,353 - INFO - 正在处理: my_translation\Multilanguage-MODJAM2025\localisation\polish\english\pdivinity_misc_l_polish.yml
2025-08-17 21:20:52,353 - INFO - 正在处理: my_translation\Multilanguage-MODJAM2025\localisation\polish\english\pdivinity_ship_stuff_l_polish.yml
2025-08-17 21:20:52,354 - INFO - 正在处理: my_translation\Multilanguage-MODJAM2025\localisation\polish\english\pdivinity_tech_l_polish.yml
2025-08-17 21:20:52,354 - INFO - 正在处理: my_translation\Multilanguage-MODJAM2025\localisation\polish\english\php_l_polish.yml
2025-08-17 21:20:52,355 - INFO - 正在处理: my_translation\Multilanguage-MODJAM2025\localisation\polish\english\tup_l_polish.yml
2025-08-17 21:20:52,357 - INFO - 正在处理: my_translation\Multilanguage-MODJAM2025\localisation\polish\english\veu_l_polish.yml
2025-08-17 21:20:52,357 - INFO - 正在处理: my_translation\Multilanguage-MODJAM2025\localisation\polish\english\wiirlak_ep_concept_l_polish.yml
2025-08-17 21:20:52,357 - INFO - 正在处理: my_translation\Multilanguage-MODJAM2025\localisation\polish\english\wiirlak_ep_l_polish.yml
2025-08-17 21:20:52,359 - INFO - 正在处理: my_translation\Multilanguage-MODJAM2025\localisation\russian\english\00_kt_crisis_l_russian.yml
2025-08-17 21:20:52,361 - INFO - 正在处理: my_translation\Multilanguage-MODJAM2025\localisation\russian\english\coex_l_russian.yml
2025-08-17 21:20:52,362 - INFO - 正在处理: my_translation\Multilanguage-MODJAM2025\localisation\russian\english\cwis_l_russian.yml
2025-08-17 21:20:52,364 - INFO - 正在处理: my_translation\Multilanguage-MODJAM2025\localisation\russian\english\darktec_events_l_russian.yml
2025-08-17 21:20:52,367 - INFO - 正在处理: my_translation\Multilanguage-MODJAM2025\localisation\russian\english\darktec_mechanics_l_russian.yml
2025-08-17 21:20:52,371 - INFO - 正在处理: my_translation\Multilanguage-MODJAM2025\localisation\russian\english\dream_l_russian.yml
2025-08-17 21:20:52,372 - INFO - 正在处理: my_translation\Multilanguage-MODJAM2025\localisation\russian\english\dtm_theophany_l_russian.yml
2025-08-17 21:20:52,374 - INFO - 正在处理: my_translation\Multilanguage-MODJAM2025\localisation\russian\english\hcp_events_l_russian.yml
2025-08-17 21:20:52,375 - INFO - 正在处理: my_translation\Multilanguage-MODJAM2025\localisation\russian\english\hcp_l_russian.yml
2025-08-17 21:20:52,376 - INFO - 正在处理: my_translation\Multilanguage-MODJAM2025\localisation\russian\english\hcp_megastructures_l_russian.yml
2025-08-17 21:20:52,377 - INFO - 正在处理: my_translation\Multilanguage-MODJAM2025\localisation\russian\english\hcp_ships_l_russian.yml
2025-08-17 21:20:52,377 - INFO - 正在处理: my_translation\Multilanguage-MODJAM2025\localisation\russian\english\hcp_situations_l_russian.yml
2025-08-17 21:20:52,377 - INFO - 正在处理: my_translation\Multilanguage-MODJAM2025\localisation\russian\english\mj25_l_russian.yml
2025-08-17 21:20:52,378 - INFO - 正在处理: my_translation\Multilanguage-MODJAM2025\localisation\russian\english\MJ25_WH_crisis_l_russian.yml
2025-08-17 21:20:52,380 - INFO - 正在处理: my_translation\Multilanguage-MODJAM2025\localisation\russian\english\MJ25_WH_events_l_russian.yml
2025-08-17 21:20:52,382 - INFO - 正在处理: my_translation\Multilanguage-MODJAM2025\localisation\russian\english\MJ25_WH_l_russian.yml
2025-08-17 21:20:52,384 - INFO - 正在处理: my_translation\Multilanguage-MODJAM2025\localisation\russian\english\MJ25_WH_sites_l_russian.yml
2025-08-17 21:20:52,386 - INFO - 正在处理: my_translation\Multilanguage-MODJAM2025\localisation\russian\english\mjarchitect_l_russian.yml
2025-08-17 21:20:52,390 - INFO - 正在处理: my_translation\Multilanguage-MODJAM2025\localisation\russian\english\muteGO_l_russian.yml
2025-08-17 21:20:52,391 - INFO - 正在处理: my_translation\Multilanguage-MODJAM2025\localisation\russian\english\otc_crisis_l_russian.yml
2025-08-17 21:20:52,393 - INFO - 正在处理: my_translation\Multilanguage-MODJAM2025\localisation\russian\english\pdivinitiy_crisis_ui_l_russian.yml
2025-08-17 21:20:52,394 - INFO - 正在处理: my_translation\Multilanguage-MODJAM2025\localisation\russian\english\pdivinity_events_l_russian.yml
2025-08-17 21:20:52,396 - INFO - 正在处理: my_translation\Multilanguage-MODJAM2025\localisation\russian\english\pdivinity_misc_l_russian.yml
2025-08-17 21:20:52,396 - INFO - 正在处理: my_translation\Multilanguage-MODJAM2025\localisation\russian\english\pdivinity_ship_stuff_l_russian.yml
2025-08-17 21:20:52,397 - INFO - 正在处理: my_translation\Multilanguage-MODJAM2025\localisation\russian\english\pdivinity_tech_l_russian.yml
2025-08-17 21:20:52,397 - INFO - 正在处理: my_translation\Multilanguage-MODJAM2025\localisation\russian\english\php_l_russian.yml
2025-08-17 21:20:52,398 - INFO - 正在处理: my_translation\Multilanguage-MODJAM2025\localisation\russian\english\tup_l_russian.yml
2025-08-17 21:20:52,402 - INFO - 正在处理: my_translation\Multilanguage-MODJAM2025\localisation\russian\english\veu_l_russian.yml
2025-08-17 21:20:52,403 - INFO - 正在处理: my_translation\Multilanguage-MODJAM2025\localisation\russian\english\wiirlak_ep_concept_l_russian.yml
2025-08-17 21:20:52,403 - INFO - 正在处理: my_translation\Multilanguage-MODJAM2025\localisation\russian\english\wiirlak_ep_l_russian.yml
2025-08-17 21:20:52,406 - INFO - 正在处理: my_translation\Multilanguage-MODJAM2025\localisation\simp_chinese\english\00_kt_crisis_l_simp_chinese.yml
2025-08-17 21:20:52,407 - INFO - 正在处理: my_translation\Multilanguage-MODJAM2025\localisation\simp_chinese\english\coex_l_simp_chinese.yml
2025-08-17 21:20:52,408 - INFO - 正在处理: my_translation\Multilanguage-MODJAM2025\localisation\simp_chinese\english\cwis_l_simp_chinese.yml
2025-08-17 21:20:52,410 - INFO - 正在处理: my_translation\Multilanguage-MODJAM2025\localisation\simp_chinese\english\darktec_events_l_simp_chinese.yml
2025-08-17 21:20:52,413 - INFO - 正在处理: my_translation\Multilanguage-MODJAM2025\localisation\simp_chinese\english\darktec_mechanics_l_simp_chinese.yml
2025-08-17 21:20:52,417 - INFO - 正在处理: my_translation\Multilanguage-MODJAM2025\localisation\simp_chinese\english\dream_l_simp_chinese.yml
2025-08-17 21:20:52,418 - INFO - 正在处理: my_translation\Multilanguage-MODJAM2025\localisation\simp_chinese\english\dtm_theophany_l_simp_chinese.yml
2025-08-17 21:20:52,421 - INFO - 正在处理: my_translation\Multilanguage-MODJAM2025\localisation\simp_chinese\english\hcp_events_l_simp_chinese.yml
2025-08-17 21:20:52,422 - INFO - 正在处理: my_translation\Multilanguage-MODJAM2025\localisation\simp_chinese\english\hcp_l_simp_chinese.yml
2025-08-17 21:20:52,423 - INFO - 正在处理: my_translation\Multilanguage-MODJAM2025\localisation\simp_chinese\english\hcp_megastructures_l_simp_chinese.yml
2025-08-17 21:20:52,424 - INFO - 正在处理: my_translation\Multilanguage-MODJAM2025\localisation\simp_chinese\english\hcp_ships_l_simp_chinese.yml
2025-08-17 21:20:52,424 - INFO - 正在处理: my_translation\Multilanguage-MODJAM2025\localisation\simp_chinese\english\hcp_situations_l_simp_chinese.yml
2025-08-17 21:20:52,425 - INFO - 正在处理: my_translation\Multilanguage-MODJAM2025\localisation\simp_chinese\english\mj25_l_simp_chinese.yml
2025-08-17 21:20:52,426 - INFO - 正在处理: my_translation\Multilanguage-MODJAM2025\localisation\simp_chinese\english\MJ25_WH_crisis_l_simp_chinese.yml
2025-08-17 21:20:52,427 - INFO - 正在处理: my_translation\Multilanguage-MODJAM2025\localisation\simp_chinese\english\MJ25_WH_events_l_simp_chinese.yml
2025-08-17 21:20:52,428 - INFO - 正在处理: my_translation\Multilanguage-MODJAM2025\localisation\simp_chinese\english\MJ25_WH_l_simp_chinese.yml
2025-08-17 21:20:52,431 - INFO - 正在处理: my_translation\Multilanguage-MODJAM2025\localisation\simp_chinese\english\MJ25_WH_sites_l_simp_chinese.yml
2025-08-17 21:20:52,433 - INFO - 正在处理: my_translation\Multilanguage-MODJAM2025\localisation\simp_chinese\english\mjarchitect_l_simp_chinese.yml
2025-08-17 21:20:52,436 - INFO - 正在处理: my_translation\Multilanguage-MODJAM2025\localisation\simp_chinese\english\muteGO_l_simp_chinese.yml
2025-08-17 21:20:52,437 - INFO - 正在处理: my_translation\Multilanguage-MODJAM2025\localisation\simp_chinese\english\otc_crisis_l_simp_chinese.yml
2025-08-17 21:20:52,439 - INFO - 正在处理: my_translation\Multilanguage-MODJAM2025\localisation\simp_chinese\english\pdivinitiy_crisis_ui_l_simp_chinese.yml
2025-08-17 21:20:52,440 - INFO - 正在处理: my_translation\Multilanguage-MODJAM2025\localisation\simp_chinese\english\pdivinity_events_l_simp_chinese.yml
2025-08-17 21:20:52,442 - INFO - 正在处理: my_translation\Multilanguage-MODJAM2025\localisation\simp_chinese\english\pdivinity_misc_l_simp_chinese.yml
2025-08-17 21:20:52,443 - INFO - 正在处理: my_translation\Multilanguage-MODJAM2025\localisation\simp_chinese\english\pdivinity_ship_stuff_l_simp_chinese.yml
2025-08-17 21:20:52,444 - INFO - 正在处理: my_translation\Multilanguage-MODJAM2025\localisation\simp_chinese\english\pdivinity_tech_l_simp_chinese.yml
2025-08-17 21:20:52,444 - INFO - 正在处理: my_translation\Multilanguage-MODJAM2025\localisation\simp_chinese\english\php_l_simp_chinese.yml
2025-08-17 21:20:52,445 - INFO - 正在处理: my_translation\Multilanguage-MODJAM2025\localisation\simp_chinese\english\tup_l_simp_chinese.yml
2025-08-17 21:20:52,447 - INFO - 正在处理: my_translation\Multilanguage-MODJAM2025\localisation\simp_chinese\english\veu_l_simp_chinese.yml
2025-08-17 21:20:52,449 - INFO - 正在处理: my_translation\Multilanguage-MODJAM2025\localisation\simp_chinese\english\wiirlak_ep_concept_l_simp_chinese.yml
2025-08-17 21:20:52,449 - INFO - 正在处理: my_translation\Multilanguage-MODJAM2025\localisation\simp_chinese\english\wiirlak_ep_l_simp_chinese.yml
2025-08-17 21:20:52,452 - INFO - 正在处理: my_translation\Multilanguage-MODJAM2025\localisation\spanish\english\00_kt_crisis_l_spanish.yml
2025-08-17 21:20:52,452 - INFO - 正在处理: my_translation\Multilanguage-MODJAM2025\localisation\spanish\english\coex_l_spanish.yml
2025-08-17 21:20:52,453 - INFO - 正在处理: my_translation\Multilanguage-MODJAM2025\localisation\spanish\english\cwis_l_spanish.yml
2025-08-17 21:20:52,454 - INFO - 正在处理: my_translation\Multilanguage-MODJAM2025\localisation\spanish\english\darktec_events_l_spanish.yml
2025-08-17 21:20:52,455 - INFO - 正在处理: my_translation\Multilanguage-MODJAM2025\localisation\spanish\english\darktec_mechanics_l_spanish.yml
2025-08-17 21:20:52,457 - INFO - 正在处理: my_translation\Multilanguage-MODJAM2025\localisation\spanish\english\dream_l_spanish.yml
2025-08-17 21:20:52,458 - INFO - 正在处理: my_translation\Multilanguage-MODJAM2025\localisation\spanish\english\dtm_theophany_l_spanish.yml
2025-08-17 21:20:52,460 - INFO - 正在处理: my_translation\Multilanguage-MODJAM2025\localisation\spanish\english\hcp_events_l_spanish.yml
2025-08-17 21:20:52,461 - INFO - 正在处理: my_translation\Multilanguage-MODJAM2025\localisation\spanish\english\hcp_l_spanish.yml
2025-08-17 21:20:52,461 - INFO - 正在处理: my_translation\Multilanguage-MODJAM2025\localisation\spanish\english\hcp_megastructures_l_spanish.yml
2025-08-17 21:20:52,461 - INFO - 正在处理: my_translation\Multilanguage-MODJAM2025\localisation\spanish\english\hcp_ships_l_spanish.yml
2025-08-17 21:20:52,462 - INFO - 正在处理: my_translation\Multilanguage-MODJAM2025\localisation\spanish\english\hcp_situations_l_spanish.yml
2025-08-17 21:20:52,462 - INFO - 正在处理: my_translation\Multilanguage-MODJAM2025\localisation\spanish\english\mj25_l_spanish.yml
2025-08-17 21:20:52,463 - INFO - 正在处理: my_translation\Multilanguage-MODJAM2025\localisation\spanish\english\MJ25_WH_crisis_l_spanish.yml
2025-08-17 21:20:52,463 - INFO - 正在处理: my_translation\Multilanguage-MODJAM2025\localisation\spanish\english\MJ25_WH_events_l_spanish.yml
2025-08-17 21:20:52,464 - INFO - 正在处理: my_translation\Multilanguage-MODJAM2025\localisation\spanish\english\MJ25_WH_l_spanish.yml
2025-08-17 21:20:52,465 - INFO - 正在处理: my_translation\Multilanguage-MODJAM2025\localisation\spanish\english\MJ25_WH_sites_l_spanish.yml
2025-08-17 21:20:52,466 - INFO - 正在处理: my_translation\Multilanguage-MODJAM2025\localisation\spanish\english\mjarchitect_l_spanish.yml
2025-08-17 21:20:52,469 - INFO - 正在处理: my_translation\Multilanguage-MODJAM2025\localisation\spanish\english\muteGO_l_spanish.yml
2025-08-17 21:20:52,469 - INFO - 正在处理: my_translation\Multilanguage-MODJAM2025\localisation\spanish\english\otc_crisis_l_spanish.yml
2025-08-17 21:20:52,471 - INFO - 正在处理: my_translation\Multilanguage-MODJAM2025\localisation\spanish\english\pdivinitiy_crisis_ui_l_spanish.yml
2025-08-17 21:20:52,471 - INFO - 正在处理: my_translation\Multilanguage-MODJAM2025\localisation\spanish\english\pdivinity_events_l_spanish.yml
2025-08-17 21:20:52,472 - INFO - 正在处理: my_translation\Multilanguage-MODJAM2025\localisation\spanish\english\pdivinity_misc_l_spanish.yml
2025-08-17 21:20:52,472 - INFO - 正在处理: my_translation\Multilanguage-MODJAM2025\localisation\spanish\english\pdivinity_ship_stuff_l_spanish.yml
2025-08-17 21:20:52,473 - INFO - 正在处理: my_translation\Multilanguage-MODJAM2025\localisation\spanish\english\pdivinity_tech_l_spanish.yml
2025-08-17 21:20:52,473 - INFO - 正在处理: my_translation\Multilanguage-MODJAM2025\localisation\spanish\english\php_l_spanish.yml
2025-08-17 21:20:52,474 - INFO - 正在处理: my_translation\Multilanguage-MODJAM2025\localisation\spanish\english\tup_l_spanish.yml
2025-08-17 21:20:52,475 - INFO - 正在处理: my_translation\Multilanguage-MODJAM2025\localisation\spanish\english\veu_l_spanish.yml
2025-08-17 21:20:52,476 - INFO - 正在处理: my_translation\Multilanguage-MODJAM2025\localisation\spanish\english\wiirlak_ep_concept_l_spanish.yml
2025-08-17 21:20:52,476 - INFO - 正在处理: my_translation\Multilanguage-MODJAM2025\localisation\spanish\english\wiirlak_ep_l_spanish.yml
2025-08-17 21:20:52,477 - INFO - 正在处理: my_translation\Multilanguage-Project Utopia - Extended Timeline - Technical Preview\localization\braz_por\ut_l_braz_por.yml
2025-08-17 21:20:52,480 - INFO - 正在处理: my_translation\Multilanguage-Project Utopia - Extended Timeline - Technical Preview\localization\french\ut_l_french.yml
2025-08-17 21:20:52,483 - INFO - 正在处理: my_translation\Multilanguage-Project Utopia - Extended Timeline - Technical Preview\localization\german\ut_l_german.yml
2025-08-17 21:20:52,485 - INFO - 正在处理: my_translation\Multilanguage-Project Utopia - Extended Timeline - Technical Preview\localization\japanese\ut_l_japanese.yml
2025-08-17 21:20:52,490 - INFO - 正在处理: my_translation\Multilanguage-Project Utopia - Extended Timeline - Technical Preview\localization\korean\ut_l_korean.yml
2025-08-17 21:20:52,493 - INFO - 正在处理: my_translation\Multilanguage-Project Utopia - Extended Timeline - Technical Preview\localization\polish\ut_l_polish.yml
2025-08-17 21:20:52,496 - INFO - 正在处理: my_translation\Multilanguage-Project Utopia - Extended Timeline - Technical Preview\localization\russian\ut_l_russian.yml
2025-08-17 21:20:52,500 - INFO - 正在处理: my_translation\Multilanguage-Project Utopia - Extended Timeline - Technical Preview\localization\simp_chinese\ut_l_simp_chinese.yml
2025-08-17 21:20:52,504 - INFO - 正在处理: my_translation\Multilanguage-Project Utopia - Extended Timeline - Technical Preview\localization\spanish\ut_l_spanish.yml
2025-08-17 21:20:52,507 - INFO - 正在处理: my_translation\Multilanguage-Project Utopia - Extended Timeline - Technical Preview\localization\turkish\ut_l_turkish.yml
2025-08-17 21:20:52,510 - INFO - 正在处理: my_translation\Multilanguage-UKrework\localisation\french\english\ukrework_events_l_french.yml
2025-08-17 21:20:52,510 - INFO - 正在处理: my_translation\Multilanguage-UKrework\localisation\german\english\ukrework_events_l_german.yml
2025-08-17 21:20:52,511 - INFO - 正在处理: my_translation\Multilanguage-UKrework\localisation\simp_chinese\english\ukrework_events_l_simp_chinese.yml
2025-08-17 21:20:52,511 - INFO - 正在处理: my_translation\ru-Blue Archive\localisation\russian\simp_chinese\BA_Anomaly&Arc_site_l_russian.yml
2025-08-17 21:20:52,512 - INFO - 正在处理: my_translation\ru-Blue Archive\localisation\russian\simp_chinese\BA_Club_l_russian.yml
2025-08-17 21:20:52,515 - INFO - 正在处理: my_translation\ru-Blue Archive\localisation\russian\simp_chinese\BA_common_l_russian.yml
2025-08-17 21:20:52,523 - INFO - 正在处理: my_translation\ru-Blue Archive\localisation\russian\simp_chinese\BA_component_l_russian.yml
2025-08-17 21:20:52,524 - INFO - 正在处理: my_translation\ru-Blue Archive\localisation\russian\simp_chinese\BA_concepts_l_russian.yml
2025-08-17 21:20:52,524 - INFO - 正在处理: my_translation\ru-Blue Archive\localisation\russian\simp_chinese\BA_event_crisis_l_russian.yml
2025-08-17 21:20:52,526 - INFO - 正在处理: my_translation\ru-Blue Archive\localisation\russian\simp_chinese\BA_event_Emergencies_l_russian.yml
2025-08-17 21:20:52,527 - INFO - 正在处理: my_translation\ru-Blue Archive\localisation\russian\simp_chinese\BA_event_origins_l_russian.yml
2025-08-17 21:20:52,528 - INFO - 正在处理: my_translation\ru-Blue Archive\localisation\russian\simp_chinese\BA_event_Shittem_l_russian.yml
2025-08-17 21:20:52,531 - INFO - 正在处理: my_translation\ru-Blue Archive\localisation\russian\simp_chinese\BA_event_tr&ape_l_russian.yml
2025-08-17 21:20:52,532 - INFO - 正在处理: my_translation\ru-Blue Archive\localisation\russian\simp_chinese\BA_leader_l_russian.yml
2025-08-17 21:20:52,537 - INFO - 正在处理: my_translation\ru-Blue Archive\localisation\russian\simp_chinese\BA_modifiers_l_russian.yml
2025-08-17 21:20:52,538 - INFO - 正在处理: my_translation\ru-Blue Archive\localisation\russian\simp_chinese\BA_Namelist_l_russian.yml
2025-08-17 21:20:52,539 - INFO - 正在处理: my_translation\ru-Blue Archive\localisation\russian\simp_chinese\BA_Placeholder_l_russian.yml
2025-08-17 21:20:52,540 - INFO - 正在处理: my_translation\ru-Blue Archive\localisation\russian\simp_chinese\BA_popmod_l_russian.yml
2025-08-17 21:20:52,541 - INFO - 正在处理: my_translation\ru-Blue Archive\localisation\russian\simp_chinese\BA_Precursor_l_russian.yml
2025-08-17 21:20:52,542 - INFO - 正在处理: my_translation\ru-Blue Archive\localisation\russian\simp_chinese\BA_Project_l_russian.yml
2025-08-17 21:20:52,544 - INFO - 正在处理: my_translation\ru-Blue Archive\localisation\russian\simp_chinese\BA_resource_tips_l_russian.yml
2025-08-17 21:20:52,544 - INFO - 正在处理: my_translation\ru-Blue Archive\localisation\russian\simp_chinese\BA_School_Idea_l_russian.yml
2025-08-17 21:20:52,546 - INFO - 正在处理: my_translation\ru-Blue Archive\localisation\russian\simp_chinese\BA_speciel_story_l_russian.yml
2025-08-17 21:20:52,547 - INFO - 正在处理: my_translation\ru-Blue Archive\localisation\russian\simp_chinese\BA_Species&Goverments&Civics_l_russian.yml
2025-08-17 21:20:52,548 - INFO - 正在处理: my_translation\ru-Blue Archive\localisation\russian\simp_chinese\BA_test_l_russian.yml
2025-08-17 21:20:52,548 - INFO - 正在处理: my_translation\zh-CN-Forts & Engineers\localization\simp_chinese\english\FAE_l_simp_chinese.yml
2025-08-17 21:20:52,549 - INFO - 正在处理: my_translation\zh-CN-GORA UI\localization\simp_chinese\english\back_to_top_button_l_simp_chinese.yml
2025-08-17 21:20:52,549 - INFO - 正在处理: my_translation\zh-CN-GORA UI\localization\simp_chinese\english\beyond_l_simp_chinese.yml
2025-08-17 21:20:52,550 - INFO - 正在处理: my_translation\zh-CN-GORA UI\localization\simp_chinese\english\cnm_battlecalc_l_simp_chinese.yml
2025-08-17 21:20:52,550 - INFO - 正在处理: my_translation\zh-CN-GORA UI\localization\simp_chinese\english\cnm_see_useful_info_l_simp_chinese.yml
2025-08-17 21:20:52,550 - INFO - 正在处理: my_translation\zh-CN-GORA UI\localization\simp_chinese\english\com_struct_l_simp_chinese.yml
2025-08-17 21:20:52,551 - INFO - 正在处理: my_translation\zh-CN-GORA UI\localization\simp_chinese\english\GDPGR_months_l_simp_chinese.yml
2025-08-17 21:20:52,551 - INFO - 正在处理: my_translation\zh-CN-GORA UI\localization\simp_chinese\english\GDPGR_tooltip_l_simp_chinese.yml
2025-08-17 21:20:52,551 - INFO - 正在处理: my_translation\zh-CN-GORA UI\localization\simp_chinese\english\headlines_l_simp_chinese.yml
2025-08-17 21:20:52,552 - INFO - 正在处理: my_translation\zh-CN-GORA UI\localization\simp_chinese\english\headlines_tech_l_simp_chinese.yml
2025-08-17 21:20:52,553 - INFO - 正在处理: my_translation\zh-CN-GORA UI\localization\simp_chinese\english\improved_company_menu_localisations_l_simp_chinese.yml
2025-08-17 21:20:52,554 - INFO - 正在处理: my_translation\zh-CN-GORA UI\localization\simp_chinese\english\less_clicks_l_simp_chinese.yml
2025-08-17 21:20:52,554 - INFO - 正在处理: my_translation\zh-CN-GORA UI\localization\simp_chinese\english\WCA_l_simp_chinese.yml
2025-08-17 21:20:52,554 - INFO - 正在处理: my_translation\zh-CN-GORA UI\localization\simp_chinese\english\com\topbar_configuration_l_simp_chinese.yml
2025-08-17 21:20:52,555 - INFO - 正在处理: my_translation\zh-CN-GORA UI\localization\simp_chinese\english\com\topbar_elements_l_simp_chinese.yml
2025-08-17 21:20:52,556 - INFO - 正在处理: my_translation\zh-CN-GORA UI\localization\simp_chinese\english\replace\gdp_l_simp_chinese.yml
2025-08-17 21:20:52,556 - INFO - 正在处理: my_translation\zh-CN-GORA UI\localization\simp_chinese\english\replace\headlines_overrides_l_simp_chinese.yml
2025-08-17 21:20:52,557 - INFO - 正在处理: my_translation\zh-CN-GORA UI\localization\simp_chinese\english\replace\LARP_interfaces_l_simp_chinese.yml
2025-08-17 21:20:52,557 - INFO - 正在处理: my_translation\zh-CN-GORA UI\localization\simp_chinese\english\replace\mod_ownership_ui_l_simp_chinese.yml
2025-08-17 21:20:52,557 - INFO - 正在处理: my_translation\zh-CN-GORA UI\localization\simp_chinese\english\replace\statePer_interfaces_l_simp_chinese.yml
2025-08-17 21:20:52,557 - INFO - 正在处理: my_translation\zh-CN-GORA UI\localization\simp_chinese\replace\english\zz_daui_on_l_simp_chinese.yml
2025-08-17 21:20:52,558 - INFO - 正在处理: my_translation\zh-CN-Hydra's More Agenda's\localisation\simp_chinese\english\MA_Hydra_l_simp_chinese.yml
2025-08-17 21:20:52,558 - INFO - 正在处理: my_translation\zh-CN-MODJAM2025\localisation\simp_chinese\ds_pr_l_simp_chinese.yml
2025-08-17 21:20:52,561 - INFO - 正在处理: my_translation\zh-CN-MODJAM2025\localisation\simp_chinese\english\00_kt_crisis_l_simp_chinese.yml
2025-08-17 21:20:52,562 - INFO - 正在处理: my_translation\zh-CN-MODJAM2025\localisation\simp_chinese\english\coex_l_simp_chinese.yml
2025-08-17 21:20:52,563 - INFO - 正在处理: my_translation\zh-CN-MODJAM2025\localisation\simp_chinese\english\cwis_l_simp_chinese.yml
2025-08-17 21:20:52,564 - INFO - 正在处理: my_translation\zh-CN-MODJAM2025\localisation\simp_chinese\english\darktec_events_l_simp_chinese.yml
2025-08-17 21:20:52,567 - INFO - 正在处理: my_translation\zh-CN-MODJAM2025\localisation\simp_chinese\english\darktec_mechanics_l_simp_chinese.yml
2025-08-17 21:20:52,571 - INFO - 正在处理: my_translation\zh-CN-MODJAM2025\localisation\simp_chinese\english\dream_l_simp_chinese.yml
2025-08-17 21:20:52,572 - INFO - 正在处理: my_translation\zh-CN-MODJAM2025\localisation\simp_chinese\english\dtm_theophany_l_simp_chinese.yml
2025-08-17 21:20:52,574 - INFO - 正在处理: my_translation\zh-CN-MODJAM2025\localisation\simp_chinese\english\hcp_events_l_simp_chinese.yml
2025-08-17 21:20:52,575 - INFO - 正在处理: my_translation\zh-CN-MODJAM2025\localisation\simp_chinese\english\hcp_l_simp_chinese.yml
2025-08-17 21:20:52,576 - INFO - 正在处理: my_translation\zh-CN-MODJAM2025\localisation\simp_chinese\english\hcp_megastructures_l_simp_chinese.yml
2025-08-17 21:20:52,577 - INFO - 正在处理: my_translation\zh-CN-MODJAM2025\localisation\simp_chinese\english\hcp_ships_l_simp_chinese.yml
2025-08-17 21:20:52,577 - INFO - 正在处理: my_translation\zh-CN-MODJAM2025\localisation\simp_chinese\english\hcp_situations_l_simp_chinese.yml
2025-08-17 21:20:52,577 - INFO - 正在处理: my_translation\zh-CN-MODJAM2025\localisation\simp_chinese\english\mj25_l_simp_chinese.yml
2025-08-17 21:20:52,578 - INFO - 正在处理: my_translation\zh-CN-MODJAM2025\localisation\simp_chinese\english\MJ25_WH_crisis_l_simp_chinese.yml
2025-08-17 21:20:52,580 - INFO - 正在处理: my_translation\zh-CN-MODJAM2025\localisation\simp_chinese\english\MJ25_WH_events_l_simp_chinese.yml
2025-08-17 21:20:52,582 - INFO - 正在处理: my_translation\zh-CN-MODJAM2025\localisation\simp_chinese\english\MJ25_WH_l_simp_chinese.yml
2025-08-17 21:20:52,583 - INFO - 正在处理: my_translation\zh-CN-MODJAM2025\localisation\simp_chinese\english\MJ25_WH_sites_l_simp_chinese.yml
2025-08-17 21:20:52,585 - INFO - 正在处理: my_translation\zh-CN-MODJAM2025\localisation\simp_chinese\english\mjarchitect_l_simp_chinese.yml
2025-08-17 21:20:52,588 - INFO - 正在处理: my_translation\zh-CN-MODJAM2025\localisation\simp_chinese\english\muteGO_l_simp_chinese.yml
2025-08-17 21:20:52,590 - INFO - 正在处理: my_translation\zh-CN-MODJAM2025\localisation\simp_chinese\english\otc_crisis_l_simp_chinese.yml
2025-08-17 21:20:52,592 - INFO - 正在处理: my_translation\zh-CN-MODJAM2025\localisation\simp_chinese\english\pdivinitiy_crisis_ui_l_simp_chinese.yml
2025-08-17 21:20:52,593 - INFO - 正在处理: my_translation\zh-CN-MODJAM2025\localisation\simp_chinese\english\pdivinity_events_l_simp_chinese.yml
2025-08-17 21:20:52,594 - INFO - 正在处理: my_translation\zh-CN-MODJAM2025\localisation\simp_chinese\english\pdivinity_misc_l_simp_chinese.yml
2025-08-17 21:20:52,595 - INFO - 正在处理: my_translation\zh-CN-MODJAM2025\localisation\simp_chinese\english\pdivinity_ship_stuff_l_simp_chinese.yml
2025-08-17 21:20:52,596 - INFO - 正在处理: my_translation\zh-CN-MODJAM2025\localisation\simp_chinese\english\pdivinity_tech_l_simp_chinese.yml
2025-08-17 21:20:52,596 - INFO - 正在处理: my_translation\zh-CN-MODJAM2025\localisation\simp_chinese\english\php_l_simp_chinese.yml
2025-08-17 21:20:52,597 - INFO - 正在处理: my_translation\zh-CN-MODJAM2025\localisation\simp_chinese\english\tup_l_simp_chinese.yml
2025-08-17 21:20:52,600 - INFO - 正在处理: my_translation\zh-CN-MODJAM2025\localisation\simp_chinese\english\veu_l_simp_chinese.yml
2025-08-17 21:20:52,601 - INFO - 正在处理: my_translation\zh-CN-MODJAM2025\localisation\simp_chinese\english\wiirlak_ep_concept_l_simp_chinese.yml
2025-08-17 21:20:52,601 - INFO - 正在处理: my_translation\zh-CN-MODJAM2025\localisation\simp_chinese\english\wiirlak_ep_l_simp_chinese.yml
2025-08-17 21:20:52,603 - INFO - 正在处理: my_translation\zh-CN-MODJAM2025 - 副本\localisation\simp_chinese\english\00_kt_crisis_l_simp_chinese.yml
2025-08-17 21:20:52,604 - INFO - 正在处理: my_translation\zh-CN-MODJAM2025 - 副本\localisation\simp_chinese\english\darktec_events_l_simp_chinese.yml
2025-08-17 21:20:52,604 - INFO - 正在处理: my_translation\zh-CN-MODJAM2025 - 副本\localisation\simp_chinese\english\darktec_mechanics_l_simp_chinese.yml
2025-08-17 21:20:52,605 - INFO - 正在处理: my_translation\zh-CN-MODJAM2025 - 副本\localisation\simp_chinese\english\ds_pr_l_simp_chinese.yml
2025-08-17 21:20:52,606 - INFO - 正在处理: my_translation\zh-CN-Offer Convoy Contribution\localization\simp_chinese\english\OCC_l_simp_chinese.yml
2025-08-17 21:20:52,607 - INFO - 正在处理: my_translation\zh-CN-parallelprocessor-test\localization\simp_chinese\english\FAE_l_simp_chinese.yml
2025-08-17 21:20:52,607 - INFO - 正在处理: my_translation\zh-CN-parallelprocessor-test\localization\simp_chinese\english\headlines_l_simp_chinese.yml
2025-08-17 21:20:52,607 - INFO - 正在处理: my_translation\zh-CN-parallelprocessor-test\localization\simp_chinese\english\headlines_tech_l_simp_chinese.yml
2025-08-17 21:20:52,608 - INFO - 正在处理: my_translation\zh-CN-parallelprocessor-test\localization\simp_chinese\english\less_clicks_l_simp_chinese.yml
2025-08-17 21:20:52,608 - INFO - 正在处理: my_translation\zh-CN-parallelprocessor-test\localization\simp_chinese\english\OCC_l_simp_chinese.yml
2025-08-17 21:20:52,609 - INFO - 正在处理: my_translation\zh-CN-testmodjam\localisation\simp_chinese\ds_pr_l_simp_chinese.yml
2025-08-17 21:20:52,611 - INFO - 正在处理: my_translation\zh-CN-testmodjam\localisation\simp_chinese\english\hcp_megastructures_l_simp_chinese.yml
2025-08-17 21:20:52,612 - INFO - 正在处理: my_translation\zh-CN-testmodjam\localisation\simp_chinese\english\hcp_ships_l_simp_chinese.yml
2025-08-17 21:20:52,612 - INFO - 正在处理: my_translation\zh-CN-testmodjam\localisation\simp_chinese\english\hcp_situations_l_simp_chinese.yml
2025-08-17 21:20:52,613 - INFO - 正在处理: my_translation\zh-CN-UKrework\localisation\simp_chinese\english\ukrework_events_l_simp_chinese.yml
2025-08-17 21:20:52,613 - INFO - 正在处理: my_translation\土耳其语modjam\turkish\ds_pr_l_turkish.yml
2025-08-17 21:20:52,615 - INFO - 正在处理: my_translation\土耳其语modjam\turkish\english\00_kt_crisis_l_turkish.yml
2025-08-17 21:20:52,616 - INFO - 正在处理: my_translation\土耳其语modjam\turkish\english\coex_l_turkish.yml
2025-08-17 21:20:52,617 - INFO - 正在处理: my_translation\土耳其语modjam\turkish\english\cwis_l_turkish.yml
2025-08-17 21:20:52,617 - INFO - 正在处理: my_translation\土耳其语modjam\turkish\english\darktec_events_l_turkish.yml
2025-08-17 21:20:52,620 - INFO - 正在处理: my_translation\土耳其语modjam\turkish\english\darktec_mechanics_l_turkish.yml
2025-08-17 21:20:52,623 - INFO - 正在处理: my_translation\土耳其语modjam\turkish\english\dream_l_turkish.yml
2025-08-17 21:20:52,624 - INFO - 正在处理: my_translation\土耳其语modjam\turkish\english\dtm_theophany_l_turkish.yml
2025-08-17 21:20:52,626 - INFO - 正在处理: my_translation\土耳其语modjam\turkish\english\hcp_events_l_turkish.yml
2025-08-17 21:20:52,627 - INFO - 正在处理: my_translation\土耳其语modjam\turkish\english\hcp_l_turkish.yml
2025-08-17 21:20:52,627 - INFO - 正在处理: my_translation\土耳其语modjam\turkish\english\hcp_megastructures_l_turkish.yml
2025-08-17 21:20:52,627 - INFO - 正在处理: my_translation\土耳其语modjam\turkish\english\hcp_ships_l_turkish.yml
2025-08-17 21:20:52,628 - INFO - 正在处理: my_translation\土耳其语modjam\turkish\english\hcp_situations_l_turkish.yml
2025-08-17 21:20:52,628 - INFO - 正在处理: my_translation\土耳其语modjam\turkish\english\mj25_l_turkish.yml
2025-08-17 21:20:52,628 - INFO - 正在处理: my_translation\土耳其语modjam\turkish\english\MJ25_WH_crisis_l_turkish.yml
2025-08-17 21:20:52,630 - INFO - 正在处理: my_translation\土耳其语modjam\turkish\english\MJ25_WH_events_l_turkish.yml
2025-08-17 21:20:52,631 - INFO - 正在处理: my_translation\土耳其语modjam\turkish\english\MJ25_WH_l_turkish.yml
2025-08-17 21:20:52,632 - INFO - 正在处理: my_translation\土耳其语modjam\turkish\english\MJ25_WH_sites_l_turkish.yml
2025-08-17 21:20:52,634 - INFO - 正在处理: my_translation\土耳其语modjam\turkish\english\mjarchitect_l_turkish.yml
2025-08-17 21:20:52,637 - INFO - 正在处理: my_translation\土耳其语modjam\turkish\english\muteGO_l_turkish.yml
2025-08-17 21:20:52,637 - INFO - 正在处理: my_translation\土耳其语modjam\turkish\english\otc_crisis_l_turkish.yml
2025-08-17 21:20:52,639 - INFO - 正在处理: my_translation\土耳其语modjam\turkish\english\pdivinitiy_crisis_ui_l_turkish.yml
2025-08-17 21:20:52,640 - INFO - 正在处理: my_translation\土耳其语modjam\turkish\english\pdivinity_events_l_turkish.yml
2025-08-17 21:20:52,641 - INFO - 正在处理: my_translation\土耳其语modjam\turkish\english\pdivinity_misc_l_turkish.yml
2025-08-17 21:20:52,642 - INFO - 正在处理: my_translation\土耳其语modjam\turkish\english\pdivinity_ship_stuff_l_turkish.yml
2025-08-17 21:20:52,642 - INFO - 正在处理: my_translation\土耳其语modjam\turkish\english\pdivinity_tech_l_turkish.yml
2025-08-17 21:20:52,643 - INFO - 正在处理: my_translation\土耳其语modjam\turkish\english\php_l_turkish.yml
2025-08-17 21:20:52,643 - INFO - 正在处理: my_translation\土耳其语modjam\turkish\english\tup_l_turkish.yml
2025-08-17 21:20:52,645 - INFO - 正在处理: my_translation\土耳其语modjam\turkish\english\veu_l_turkish.yml
2025-08-17 21:20:52,646 - INFO - 正在处理: my_translation\土耳其语modjam\turkish\english\wiirlak_ep_concept_l_turkish.yml
2025-08-17 21:20:52,646 - INFO - 正在处理: my_translation\土耳其语modjam\turkish\english\wiirlak_ep_l_turkish.yml
2025-08-17 21:20:52,647 - INFO - 正在处理: my_translation\汉化-Australia & New Zealand Flavor Pack\localization\simp_chinese\OCC_l_simp_chinese.yml
2025-08-17 21:20:52,647 - INFO - 正在处理: my_translation\汉化-Australia & New Zealand Flavor Pack\localization\simp_chinese\ucm_names_l_simp_chinese.yml
2025-08-17 21:20:52,648 - INFO - 正在处理: my_translation\汉化-Australia & New Zealand Flavor Pack\localization\simp_chinese\replace\anz_aac_l_simp_chinese.yml
2025-08-17 21:20:52,649 - INFO - 正在处理: my_translation\汉化-Australia & New Zealand Flavor Pack\localization\simp_chinese\replace\anz_asthun_l_simp_chinese.yml
2025-08-17 21:20:52,650 - INFO - 正在处理: my_translation\汉化-Australia & New Zealand Flavor Pack\localization\simp_chinese\replace\anz_atsi_l_simp_chinese.yml
2025-08-17 21:20:52,652 - INFO - 正在处理: my_translation\汉化-Australia & New Zealand Flavor Pack\localization\simp_chinese\replace\anz_burke_wills_l_simp_chinese.yml
2025-08-17 21:20:52,654 - INFO - 正在处理: my_translation\汉化-Australia & New Zealand Flavor Pack\localization\simp_chinese\replace\anz_canberra_l_simp_chinese.yml
2025-08-17 21:20:52,655 - INFO - 正在处理: my_translation\汉化-Australia & New Zealand Flavor Pack\localization\simp_chinese\replace\anz_church_act_l_simp_chinese.yml
2025-08-17 21:20:52,656 - INFO - 正在处理: my_translation\汉化-Australia & New Zealand Flavor Pack\localization\simp_chinese\replace\anz_citadel_l_simp_chinese.yml
2025-08-17 21:20:52,657 - INFO - 正在处理: my_translation\汉化-Australia & New Zealand Flavor Pack\localization\simp_chinese\replace\anz_companies_l_simp_chinese.yml
2025-08-17 21:20:52,657 - INFO - 正在处理: my_translation\汉化-Australia & New Zealand Flavor Pack\localization\simp_chinese\replace\anz_concepts_l_simp_chinese.yml
2025-08-17 21:20:52,657 - INFO - 正在处理: my_translation\汉化-Australia & New Zealand Flavor Pack\localization\simp_chinese\replace\anz_convicts_l_simp_chinese.yml
2025-08-17 21:20:52,658 - INFO - 正在处理: my_translation\汉化-Australia & New Zealand Flavor Pack\localization\simp_chinese\replace\anz_countries_l_simp_chinese.yml
2025-08-17 21:20:52,659 - INFO - 正在处理: my_translation\汉化-Australia & New Zealand Flavor Pack\localization\simp_chinese\replace\anz_cultures_l_simp_chinese.yml
2025-08-17 21:20:52,659 - INFO - 正在处理: my_translation\汉化-Australia & New Zealand Flavor Pack\localization\simp_chinese\replace\anz_customise_l_simp_chinese.yml
2025-08-17 21:20:52,660 - INFO - 正在处理: my_translation\汉化-Australia & New Zealand Flavor Pack\localization\simp_chinese\replace\anz_decisions_l_simp_chinese.yml
2025-08-17 21:20:52,661 - INFO - 正在处理: my_translation\汉化-Australia & New Zealand Flavor Pack\localization\simp_chinese\replace\anz_dynamic_country_names_l_simp_chinese.yml
2025-08-17 21:20:52,661 - INFO - 正在处理: my_translation\汉化-Australia & New Zealand Flavor Pack\localization\simp_chinese\replace\anz_election_events_l_simp_chinese.yml
2025-08-17 21:20:52,662 - INFO - 正在处理: my_translation\汉化-Australia & New Zealand Flavor Pack\localization\simp_chinese\replace\anz_federation_l_simp_chinese.yml
2025-08-17 21:20:52,664 - INFO - 正在处理: my_translation\汉化-Australia & New Zealand Flavor Pack\localization\simp_chinese\replace\anz_game_rules_l_simp_chinese.yml
2025-08-17 21:20:52,665 - INFO - 正在处理: my_translation\汉化-Australia & New Zealand Flavor Pack\localization\simp_chinese\replace\anz_gold_l_simp_chinese.yml
2025-08-17 21:20:52,666 - INFO - 正在处理: my_translation\汉化-Australia & New Zealand Flavor Pack\localization\simp_chinese\replace\anz_government_l_simp_chinese.yml
2025-08-17 21:20:52,666 - INFO - 正在处理: my_translation\汉化-Australia & New Zealand Flavor Pack\localization\simp_chinese\replace\anz_hub_names_l_simp_chinese.yml
2025-08-17 21:20:52,667 - INFO - 正在处理: my_translation\汉化-Australia & New Zealand Flavor Pack\localization\simp_chinese\replace\anz_ideologies_l_simp_chinese.yml
2025-08-17 21:20:52,668 - INFO - 正在处理: my_translation\汉化-Australia & New Zealand Flavor Pack\localization\simp_chinese\replace\anz_indopacific_flavour_l_simp_chinese.yml
2025-08-17 21:20:52,669 - INFO - 正在处理: my_translation\汉化-Australia & New Zealand Flavor Pack\localization\simp_chinese\replace\anz_infrastructure_projects_l_simp_chinese.yml
2025-08-17 21:20:52,669 - INFO - 正在处理: my_translation\汉化-Australia & New Zealand Flavor Pack\localization\simp_chinese\replace\anz_int_countries_l_simp_chinese.yml
2025-08-17 21:20:52,670 - INFO - 正在处理: my_translation\汉化-Australia & New Zealand Flavor Pack\localization\simp_chinese\replace\anz_laws_l_simp_chinese.yml
2025-08-17 21:20:52,670 - INFO - 正在处理: my_translation\汉化-Australia & New Zealand Flavor Pack\localization\simp_chinese\replace\anz_meme_l_simp_chinese.yml
2025-08-17 21:20:52,671 - INFO - 正在处理: my_translation\汉化-Australia & New Zealand Flavor Pack\localization\simp_chinese\replace\anz_military_formations_names_l_simp_chinese.yml
2025-08-17 21:20:52,671 - INFO - 正在处理: my_translation\汉化-Australia & New Zealand Flavor Pack\localization\simp_chinese\replace\anz_modifiers_l_simp_chinese.yml
2025-08-17 21:20:52,672 - INFO - 正在处理: my_translation\汉化-Australia & New Zealand Flavor Pack\localization\simp_chinese\replace\anz_names_l_simp_chinese.yml
2025-08-17 21:20:52,673 - INFO - 正在处理: my_translation\汉化-Australia & New Zealand Flavor Pack\localization\simp_chinese\replace\anz_new_events_l_simp_chinese.yml
2025-08-17 21:20:52,674 - INFO - 正在处理: my_translation\汉化-Australia & New Zealand Flavor Pack\localization\simp_chinese\replace\anz_objectives_l_simp_chinese.yml
2025-08-17 21:20:52,675 - INFO - 正在处理: my_translation\汉化-Australia & New Zealand Flavor Pack\localization\simp_chinese\replace\anz_parties_l_simp_chinese.yml
2025-08-17 21:20:52,675 - INFO - 正在处理: my_translation\汉化-Australia & New Zealand Flavor Pack\localization\simp_chinese\replace\anz_shrinking_colony_l_simp_chinese.yml
2025-08-17 21:20:52,676 - INFO - 正在处理: my_translation\汉化-Australia & New Zealand Flavor Pack\localization\simp_chinese\replace\anz_squat_l_simp_chinese.yml
2025-08-17 21:20:52,677 - INFO - 正在处理: my_translation\汉化-Australia & New Zealand Flavor Pack\localization\simp_chinese\replace\anz_states_l_simp_chinese.yml
2025-08-17 21:20:52,677 - INFO - 正在处理: my_translation\汉化-Australia & New Zealand Flavor Pack\localization\simp_chinese\replace\anz_state_traits_l_simp_chinese.yml
2025-08-17 21:20:52,677 - INFO - 正在处理: my_translation\汉化-Australia & New Zealand Flavor Pack\localization\simp_chinese\replace\anz_themes_l_simp_chinese.yml
2025-08-17 21:20:52,677 - INFO - 正在处理: my_translation\汉化-Australia & New Zealand Flavor Pack\localization\simp_chinese\replace\nz_decisions_l_simp_chinese.yml
2025-08-17 21:20:52,678 - INFO - 正在处理: my_translation\汉化-Australia & New Zealand Flavor Pack\localization\simp_chinese\replace\nz_events_agitators_l_simp_chinese.yml
2025-08-17 21:20:52,679 - INFO - 正在处理: my_translation\汉化-Australia & New Zealand Flavor Pack\localization\simp_chinese\replace\nz_events_environment_l_simp_chinese.yml
2025-08-17 21:20:52,679 - INFO - 正在处理: my_translation\汉化-Australia & New Zealand Flavor Pack\localization\simp_chinese\replace\nz_events_expand_united_tribes_l_simp_chinese.yml
2025-08-17 21:20:52,681 - INFO - 正在处理: my_translation\汉化-Australia & New Zealand Flavor Pack\localization\simp_chinese\replace\nz_events_land_wars_l_simp_chinese.yml
2025-08-17 21:20:52,682 - INFO - 正在处理: my_translation\汉化-Australia & New Zealand Flavor Pack\localization\simp_chinese\replace\nz_events_misc_l_simp_chinese.yml
2025-08-17 21:20:52,686 - INFO - 正在处理: my_translation\汉化-Australia & New Zealand Flavor Pack\localization\simp_chinese\replace\nz_events_unt_pretreaty_l_simp_chinese.yml
2025-08-17 21:20:52,687 - INFO - 正在处理: my_translation\汉化-Australia & New Zealand Flavor Pack\localization\simp_chinese\replace\nz_events_waitangi_l_simp_chinese.yml
2025-08-17 21:20:52,687 - INFO - 正在处理: my_translation\汉化-Australia & New Zealand Flavor Pack\localization\simp_chinese\replace\nz_government_types_l_simp_chinese.yml
2025-08-17 21:20:52,689 - INFO - 正在处理: my_translation\汉化-Australia & New Zealand Flavor Pack\localization\simp_chinese\replace\nz_ig_names_l_simp_chinese.yml
2025-08-17 21:20:52,689 - INFO - 正在处理: my_translation\汉化-Australia & New Zealand Flavor Pack\localization\simp_chinese\replace\nz_je_land_wars_l_simp_chinese.yml
2025-08-17 21:20:52,690 - INFO - 正在处理: my_translation\汉化-Australia & New Zealand Flavor Pack\localization\simp_chinese\replace\nz_je_maori_unification_l_simp_chinese.yml
2025-08-17 21:20:52,690 - INFO - 正在处理: my_translation\汉化-Australia & New Zealand Flavor Pack\localization\simp_chinese\replace\nz_je_misc_l_simp_chinese.yml
2025-08-17 21:20:52,691 - INFO - 正在处理: my_translation\汉化-Australia & New Zealand Flavor Pack\localization\simp_chinese\replace\nz_laws_l_simp_chinese.yml
2025-08-17 21:20:52,692 - INFO - 正在处理: my_translation\汉化-Australia & New Zealand Flavor Pack\localization\simp_chinese\replace\nz_modifiers_l_simp_chinese.yml
2025-08-17 21:20:52,693 - INFO - 正在处理: my_translation\汉化-Project Utopia - Extended Timeline - Technical Preview\localization\simp_chinese\ut_l_simp_chinese.yml
2025-08-17 21:20:52,696 - INFO - 正在处理: my_translation\汉化-Tech & Res\localization\simp_chinese\000_buildings_l_simp_chinese.yml
2025-08-17 21:20:52,697 - INFO - 正在处理: my_translation\汉化-Tech & Res\localization\simp_chinese\ztr_austria_events_l_simp_chinese.yml
2025-08-17 21:20:52,697 - INFO - 正在处理: my_translation\汉化-Tech & Res\localization\simp_chinese\ztr_buildings_l_simp_chinese.yml
2025-08-17 21:20:52,699 - INFO - 正在处理: my_translation\汉化-Tech & Res\localization\simp_chinese\ztr_companies_l_simp_chinese.yml
2025-08-17 21:20:52,699 - INFO - 正在处理: my_translation\汉化-Tech & Res\localization\simp_chinese\ztr_decisions_l_simp_chinese.yml
2025-08-17 21:20:52,700 - INFO - 正在处理: my_translation\汉化-Tech & Res\localization\simp_chinese\ztr_decolonization_events_l_simp_chinese.yml
2025-08-17 21:20:52,701 - INFO - 正在处理: my_translation\汉化-Tech & Res\localization\simp_chinese\ztr_events_l_simp_chinese.yml
2025-08-17 21:20:52,702 - INFO - 正在处理: my_translation\汉化-Tech & Res\localization\simp_chinese\ztr_game_rules_l_simp_chinese.yml
2025-08-17 21:20:52,702 - INFO - 正在处理: my_translation\汉化-Tech & Res\localization\simp_chinese\ztr_goods_l_simp_chinese.yml
2025-08-17 21:20:52,703 - INFO - 正在处理: my_translation\汉化-Tech & Res\localization\simp_chinese\ztr_inventions_l_simp_chinese.yml
2025-08-17 21:20:52,704 - INFO - 正在处理: my_translation\汉化-Tech & Res\localization\simp_chinese\ztr_journal_entries_l_simp_chinese.yml
2025-08-17 21:20:52,705 - INFO - 正在处理: my_translation\汉化-Tech & Res\localization\simp_chinese\ztr_laws_l_simp_chinese.yml
2025-08-17 21:20:52,705 - INFO - 正在处理: my_translation\汉化-Tech & Res\localization\simp_chinese\ztr_mobilization_options_l_simp_chinese.yml
2025-08-17 21:20:52,706 - INFO - 正在处理: my_translation\汉化-Tech & Res\localization\simp_chinese\ztr_modifiers_l_simp_chinese.yml
2025-08-17 21:20:52,706 - INFO - 正在处理: my_translation\汉化-Tech & Res\localization\simp_chinese\ztr_mr_inventions_l_simp_chinese.yml
2025-08-17 21:20:52,707 - INFO - 正在处理: my_translation\汉化-Tech & Res\localization\simp_chinese\ztr_other_l_simp_chinese.yml
2025-08-17 21:20:52,707 - INFO - 正在处理: my_translation\汉化-Tech & Res\localization\simp_chinese\ztr_production_methods_l_simp_chinese.yml
2025-08-17 21:20:52,709 - INFO - 正在处理: my_translation\汉化-Tech & Res\localization\simp_chinese\ztr_state_traits_l_simp_chinese.yml
2025-08-17 21:20:52,710 - INFO - 正在处理: my_translation\汉化-TEST-ANZAC\localization\braz_por\replace\anz_objectives_l_braz_por.yml
2025-08-17 21:20:52,710 - INFO - 正在处理: my_translation\汉化-TEST-ANZAC\localization\french\replace\anz_objectives_l_french.yml
2025-08-17 21:20:52,710 - INFO - 正在处理: my_translation\汉化-TEST-ANZAC\localization\german\replace\anz_objectives_l_german.yml
2025-08-17 21:20:52,710 - INFO - 正在处理: my_translation\汉化-TEST-ANZAC\localization\japanese\replace\anz_objectives_l_japanese.yml
2025-08-17 21:20:52,711 - INFO - 正在处理: my_translation\汉化-TEST-ANZAC\localization\korean\replace\anz_objectives_l_korean.yml
2025-08-17 21:20:52,712 - INFO - 正在处理: my_translation\汉化-TEST-ANZAC\localization\polish\replace\anz_objectives_l_polish.yml
2025-08-17 21:20:52,712 - INFO - 正在处理: my_translation\汉化-TEST-ANZAC\localization\russian\replace\anz_objectives_l_russian.yml
2025-08-17 21:20:52,712 - INFO - 正在处理: my_translation\汉化-TEST-ANZAC\localization\simp_chinese\replace\anz_objectives_l_simp_chinese.yml
2025-08-17 21:20:52,713 - INFO - 正在处理: my_translation\汉化-TEST-ANZAC\localization\spanish\replace\anz_objectives_l_spanish.yml
2025-08-17 21:20:52,713 - INFO - 正在处理: my_translation\汉化-TEST-ANZAC\localization\turkish\replace\anz_objectives_l_turkish.yml
2025-08-17 21:20:52,714 - INFO - 正在处理: my_translation\汉化-testmodjam\localisation\simp_chinese\ds_pr_l_simp_chinese.yml
2025-08-17 21:20:52,716 - INFO - 正在处理: my_translation\汉化-testmodjam\localisation\simp_chinese\english\hcp_megastructures_l_simp_chinese.yml
2025-08-17 21:20:52,716 - INFO - 正在处理: my_translation\汉化-testmodjam\localisation\simp_chinese\english\hcp_ships_l_simp_chinese.yml
2025-08-17 21:20:52,717 - INFO - 正在处理: my_translation\汉化-testmodjam\localisation\simp_chinese\english\hcp_situations_l_simp_chinese.yml
2025-08-17 21:20:52,949 - INFO - 扫描完成！
2025-08-17 21:20:52,949 - INFO - 这是干运行模式，未修改任何文件
