2025-08-12 18:47:27,795 - INFO - Logger initialized and ready.
2025-08-12 18:47:32,676 - INFO - 语言已设置为 zh_CN。
2025-08-12 18:47:32,677 - INFO - --- New Session Started ---
2025-08-12 18:47:36,100 - INFO - <scan_source_folder>
2025-08-12 18:47:36,101 - INFO - <select_mod_prompt>
2025-08-12 18:47:36,101 - INFO -   [1] Australia & New Zealand Flavor Pack
2025-08-12 18:47:36,101 - INFO -   [2] Forts & Engineers
2025-08-12 18:47:36,101 - INFO -   [3] GORA UI
2025-08-12 18:47:36,101 - INFO -   [4] Hydra's More Agenda's
2025-08-12 18:47:36,101 - INFO -   [5] MODJAM2025
2025-08-12 18:47:36,101 - INFO -   [6] MODJAM2025 - 副本
2025-08-12 18:47:36,102 - INFO -   [7] Offer Convoy Contribution
2025-08-12 18:47:36,103 - INFO -   [8] Project Utopia - Extended Timeline - Technical Preview
2025-08-12 18:47:36,103 - INFO -   [9] Tech & Res
2025-08-12 18:47:36,103 - INFO -   [10] TEST-ANZAC
2025-08-12 18:47:36,103 - INFO -   [11] UKrework
2025-08-12 18:47:41,308 - INFO - <you_selected>
2025-08-12 18:47:41,308 - INFO - 
--- 正在获取Mod主题上下文 ---
2025-08-12 18:47:41,308 - INFO - 已识别Mod名称为: 'Offer Convoy Contribution'
2025-08-12 18:47:43,619 - INFO - 最终使用的主题上下文为: 'Offer Convoy Contribution'
2025-08-12 18:47:43,619 - INFO - <cleanup_start>
2025-08-12 18:48:02,938 - INFO - <cleanup_deleting>
2025-08-12 18:48:02,939 - INFO - <cleanup_success>
