2025-08-12 14:27:45,632 - INFO - Logger initialized and ready.
2025-08-12 14:27:49,589 - INFO - 语言已设置为 zh_CN。
2025-08-12 14:27:49,589 - INFO - --- New Session Started ---
2025-08-12 14:27:55,100 - INFO - 
--- 正在扫描源文件夹 [source_mod] ---
2025-08-12 14:27:55,100 - INFO - 请选择要汉化的Mod：
2025-08-12 14:27:55,100 - INFO -   [1] Australia & New Zealand Flavor Pack
2025-08-12 14:27:55,100 - INFO -   [2] Forts & Engineers
2025-08-12 14:27:55,101 - INFO -   [3] GORA UI
2025-08-12 14:27:55,101 - INFO -   [4] Hydra's More Agenda's
2025-08-12 14:27:55,101 - INFO -   [5] MODJAM2025
2025-08-12 14:27:55,101 - INFO -   [6] MODJAM2025 - 副本
2025-08-12 14:27:55,101 - INFO -   [7] Offer Convoy Contribution
2025-08-12 14:27:55,101 - INFO -   [8] Project Utopia - Extended Timeline - Technical Preview
2025-08-12 14:27:55,101 - INFO -   [9] Tech & Res
2025-08-12 14:27:55,101 - INFO -   [10] TEST-ANZAC
2025-08-12 14:27:55,101 - INFO -   [11] UKrework
2025-08-12 14:27:57,272 - INFO - 
你选择了: UKrework
2025-08-12 14:27:57,272 - INFO - 
--- 开始精简源Mod文件夹: UKrework ---
2025-08-12 14:27:59,589 - INFO - 正在删除非必要文件和文件夹...
2025-08-12 14:27:59,589 - INFO - 源文件夹精简完成！
