2025-08-12 17:35:41,100 - INFO - Logger initialized and ready.
2025-08-12 17:35:43,433 - INFO - 语言已设置为 zh_CN。
2025-08-12 17:35:43,433 - INFO - --- New Session Started ---
2025-08-12 17:35:49,022 - INFO - <scan_source_folder>
2025-08-12 17:35:49,022 - INFO - <select_mod_prompt>
2025-08-12 17:35:49,022 - INFO -   [1] Australia & New Zealand Flavor Pack
2025-08-12 17:35:49,022 - INFO -   [2] Forts & Engineers
2025-08-12 17:35:49,022 - INFO -   [3] GORA UI
2025-08-12 17:35:49,022 - INFO -   [4] Hydra's More Agenda's
2025-08-12 17:35:49,022 - INFO -   [5] MODJAM2025
2025-08-12 17:35:49,023 - INFO -   [6] MODJAM2025 - 副本
2025-08-12 17:35:49,023 - INFO -   [7] Offer Convoy Contribution
2025-08-12 17:35:49,023 - INFO -   [8] Project Utopia - Extended Timeline - Technical Preview
2025-08-12 17:35:49,023 - INFO -   [9] Tech & Res
2025-08-12 17:35:49,023 - INFO -   [10] TEST-ANZAC
2025-08-12 17:35:49,023 - INFO -   [11] UKrework
2025-08-12 17:36:21,568 - INFO - <you_selected>
2025-08-12 17:36:21,568 - INFO - 
--- 正在获取Mod主题上下文 ---
2025-08-12 17:36:21,568 - INFO - 已识别Mod名称为: 'Offer Convoy Contribution'
2025-08-12 17:36:28,073 - INFO - 最终使用的主题上下文为: 'Offer Convoy Contribution'
2025-08-12 17:36:28,073 - INFO - <cleanup_start>
2025-08-12 17:36:31,831 - INFO - <cleanup_deleting>
2025-08-12 17:36:31,831 - INFO - <cleanup_success>
